3820 - boat - DEBUG - 0 {}
3821 - boat - ERROR - 0 set(), {26}
3821 - boat - DEBUG - 0 {26: 1, 27: 1, 50: 1, 28: 1, 22: 1, 29: 1, 8: 1, 30: 1, 31: 1}
3822 - boat - ERROR - 0 {26}, {26}
3822 - boat - DEBUG - 0 {26: 1, 27: 1, 50: 1, 28: 1, 22: 1, 29: 1, 8: 1, 30: 1, 31: 1}
3823 - boat - ERROR - 0 {26}, {26}
3823 - boat - DEBUG - 0 {26: 1, 27: 1, 50: 1, 28: 1, 22: 1, 29: 1, 8: 1, 30: 1, 31: 1}
3824 - boat - ERROR - 0 {26}, {26}
3825 - boat - DEBUG - 0 {26: 1, 27: 1, 50: 1, 28: 1, 22: 1, 29: 1, 8: 1, 30: 1, 31: 1}
3826 - boat - ERROR - 0 {26}, {26}
3826 - boat - DEBUG - 0 {26: 1, 27: 1, 50: 1, 28: 1, 22: 1, 29: 1, 8: 1, 30: 1, 31: 1}
3827 - boat - ERROR - 0 {26}, {26}
3827 - boat - DEBUG - 0 {26: 1, 27: 1, 50: 1, 28: 1, 22: 1, 29: 1, 8: 1, 30: 1, 31: 1}
3828 - boat - ERROR - 0 {26}, {26}
3828 - boat - DEBUG - 0 {26: 1, 27: 1, 50: 1, 28: 1, 22: 1, 29: 1, 8: 1, 30: 1, 31: 1}
3829 - boat - ERROR - 0 {26}, {26}
3829 - boat - DEBUG - 0 {26: 1, 27: 1, 50: 1, 28: 1, 22: 1, 29: 1, 8: 1, 30: 1, 31: 1}
3832 - boat - ERROR - 0 {26}, {26}
3832 - boat - DEBUG - 0 {26: 1, 27: 1, 50: 1, 28: 1, 22: 1, 29: 1, 8: 1, 30: 1, 31: 1}
3833 - boat - ERROR - 0 {26}, {26}
3833 - boat - DEBUG - 0 {26: 1, 27: 1, 50: 1, 28: 1, 22: 1, 29: 1, 8: 1, 30: 1, 31: 1}
3834 - boat - ERROR - 0 {26}, {26}
3834 - boat - DEBUG - 0 {26: 1, 27: 1, 50: 1, 28: 1, 22: 1, 29: 1, 8: 1, 30: 1, 31: 1}
3835 - boat - ERROR - 0 {26}, {26}
3835 - boat - DEBUG - 0 {26: 1, 27: 1, 50: 1, 28: 1, 22: 1, 29: 1, 8: 1, 30: 1, 31: 1}
3837 - boat - ERROR - 0 {26}, {26}
3837 - boat - DEBUG - 0 {26: 1, 27: 1, 50: 1, 28: 1, 22: 1, 29: 1, 8: 1, 30: 1, 31: 1}
3840 - boat - ERROR - 0 {26}, {26}
3841 - boat - DEBUG - 0 {26: 1, 27: 1, 50: 1, 28: 1, 22: 1, 29: 1, 8: 1, 30: 1, 31: 1}
3841 - boat - ERROR - 0 {26}, {26}
3842 - boat - DEBUG - 0 {26: 1, 27: 1, 50: 1, 28: 1, 22: 1, 29: 1, 8: 1, 30: 1, 31: 1}
3843 - boat - ERROR - 0 {26}, {26}
3843 - boat - DEBUG - 0 {26: 1, 27: 1, 50: 1, 28: 1, 22: 1, 29: 1, 8: 1, 30: 1, 31: 1}
3845 - boat - ERROR - 0 {26}, {26}
3845 - boat - DEBUG - 0 {26: 1, 27: 1, 50: 1, 28: 1, 22: 1, 29: 1, 8: 1, 30: 1, 31: 1}
3846 - boat - ERROR - 0 {26}, {26}
3846 - boat - DEBUG - 0 {26: 1, 27: 1, 50: 1, 28: 1, 22: 1, 29: 1, 8: 1, 30: 1, 31: 1}
3848 - boat - ERROR - 0 {26}, {26}
3848 - boat - DEBUG - 0 {26: 1, 27: 1, 50: 1, 28: 1, 22: 1, 29: 1, 8: 1, 30: 1, 31: 1}
3849 - boat - ERROR - 0 {26}, {26}
3849 - boat - DEBUG - 0 {26: 1, 27: 1, 50: 1, 28: 1, 22: 1, 29: 1, 8: 1, 30: 1, 31: 1}
3850 - boat - ERROR - 0 {26}, {26}
3850 - boat - DEBUG - 0 {26: 1, 27: 1, 50: 1, 28: 1, 22: 1, 29: 1, 8: 1, 30: 1, 31: 1}
3852 - boat - ERROR - 0 {26}, {26, 27}
3852 - boat - DEBUG - 0 {26: 1, 27: 1, 50: 1, 28: 1, 22: 1, 29: 1, 8: 1, 30: 1, 31: 1}
3855 - boat - ERROR - 0 {26, 27}, {26, 27}
3855 - boat - DEBUG - 0 {26: 1, 27: 1, 50: 1, 28: 1, 22: 1, 29: 1, 8: 1, 30: 1, 31: 1}
3857 - boat - ERROR - 0 {26, 27}, {50, 27, 28}
3857 - boat - DEBUG - 0 {26: 0, 27: 1, 50: 1, 28: 1, 22: 1, 29: 1, 8: 1, 30: 1, 31: 1}
3860 - boat - ERROR - 0 {50, 27, 28}, {50, 27, 28}
3865 - boat - DEBUG - 0 {26: 0, 27: 1, 50: 1, 28: 1, 22: 1, 29: 1, 8: 1, 30: 1, 31: 1}
3869 - boat - ERROR - 0 {50, 27, 28}, {50, 28}
3869 - boat - DEBUG - 0 {26: 0, 27: 0, 50: 1, 28: 1, 22: 1, 29: 1, 8: 1, 30: 1, 31: 1}
3870 - boat - ERROR - 0 {50, 28}, {50, 28}
3870 - boat - DEBUG - 0 {26: 0, 27: 0, 50: 1, 28: 1, 22: 1, 29: 1, 8: 1, 30: 1, 31: 1}
3872 - boat - ERROR - 0 {50, 28}, {50, 28}
3872 - boat - DEBUG - 0 {26: 0, 27: 0, 50: 1, 28: 1, 22: 1, 29: 1, 8: 1, 30: 1, 31: 1}
3875 - boat - ERROR - 0 {50, 28}, {50, 28}
3875 - boat - DEBUG - 0 {26: 0, 27: 0, 50: 1, 28: 1, 22: 1, 29: 1, 8: 1, 30: 1, 31: 1}
3877 - boat - ERROR - 0 {50, 28}, {50, 28}
3877 - boat - DEBUG - 0 {26: 0, 27: 0, 50: 1, 28: 1, 22: 1, 29: 1, 8: 1, 30: 1, 31: 1}
3878 - boat - ERROR - 0 {50, 28}, {50, 28}
3878 - boat - DEBUG - 0 {26: 0, 27: 0, 50: 1, 28: 1, 22: 1, 29: 1, 8: 1, 30: 1, 31: 1}
3881 - boat - ERROR - 0 {50, 28}, {50, 28}
3881 - boat - DEBUG - 0 {26: 0, 27: 0, 50: 1, 28: 1, 22: 1, 29: 1, 8: 1, 30: 1, 31: 1}
3886 - boat - ERROR - 0 {50, 28}, {50, 28}
3887 - boat - DEBUG - 0 {26: 0, 27: 0, 50: 1, 28: 1, 22: 1, 29: 1, 8: 1, 30: 1, 31: 1}
3890 - boat - ERROR - 0 {50, 28}, {50, 28}
3890 - boat - DEBUG - 0 {26: 0, 27: 0, 50: 1, 28: 1, 22: 1, 29: 1, 8: 1, 30: 1, 31: 1}
3892 - boat - ERROR - 0 {50, 28}, {50, 28}
3892 - boat - DEBUG - 0 {26: 0, 27: 0, 50: 1, 28: 1, 22: 1, 29: 1, 8: 1, 30: 1, 31: 1}
3894 - boat - ERROR - 0 {50, 28}, {50, 28}
3894 - boat - DEBUG - 0 {26: 0, 27: 0, 50: 1, 28: 1, 22: 1, 29: 1, 8: 1, 30: 1, 31: 1}
3898 - boat - ERROR - 0 {50, 28}, {50, 28}
3898 - boat - DEBUG - 0 {26: 0, 27: 0, 50: 1, 28: 1, 22: 1, 29: 1, 8: 1, 30: 1, 31: 1}
3902 - boat - ERROR - 0 {50, 28}, {50, 28}
3902 - boat - DEBUG - 0 {26: 0, 27: 0, 50: 1, 28: 1, 22: 1, 29: 1, 8: 1, 30: 1, 31: 1}
3908 - boat - ERROR - 0 {50, 28}, {50, 28}
3908 - boat - DEBUG - 0 {26: 0, 27: 0, 50: 1, 28: 1, 22: 1, 29: 1, 8: 1, 30: 1, 31: 1}
3918 - boat - ERROR - 0 {50, 28}, {50, 28, 22}
3919 - boat - DEBUG - 0 {26: 0, 27: 0, 50: 1, 28: 1, 22: 1, 29: 1, 8: 1, 30: 1, 31: 1}
3921 - boat - ERROR - 0 {50, 28, 22}, {28, 29, 22}
3923 - boat - ERROR - 0 {28, 29, 22}, {28, 29, 22}
3923 - boat - DEBUG - 0 {26: 0, 27: 0, 50: 0, 28: 1, 22: 1, 29: 1, 8: 1, 30: 1, 31: 1}
3925 - boat - ERROR - 0 {28, 29, 22}, {28, 29, 22}
3926 - boat - ERROR - 0 {28, 29, 22}, {28, 29, 22}
3926 - boat - DEBUG - 0 {26: 0, 27: 0, 50: 0, 28: 1, 22: 1, 29: 1, 8: 1, 30: 1, 31: 1}
3928 - boat - ERROR - 0 {28, 29, 22}, {29, 22}
3936 - boat - ERROR - 0 {29, 22}, {29, 22}
3937 - boat - DEBUG - 0 {26: 0, 27: 0, 50: 0, 28: 0, 22: 1, 29: 1, 8: 1, 30: 1, 31: 1}
3942 - boat - ERROR - 0 {29, 22}, {8, 29, 22, 30}
3944 - boat - ERROR - 0 {8, 29, 22, 30}, {8, 29, 22, 30}
3944 - boat - DEBUG - 0 {26: 0, 27: 0, 50: 0, 28: 0, 22: 1, 29: 1, 8: 1, 30: 1, 31: 1}
3949 - boat - ERROR - 0 {8, 29, 22, 30}, {8, 22, 29, 30, 31}
3951 - boat - ERROR - 0 {8, 22, 29, 30, 31}, {8, 22, 29, 30, 31}
3951 - boat - DEBUG - 0 {26: 0, 27: 0, 50: 0, 28: 0, 22: 1, 29: 1, 8: 1, 30: 1, 31: 1}
3952 - boat - ERROR - 0 {8, 22, 29, 30, 31}, {8, 30, 31}
3954 - boat - ERROR - 0 {8, 30, 31}, {8, 30, 31}
3954 - boat - DEBUG - 0 {26: 0, 27: 0, 50: 0, 28: 0, 22: 0, 29: 0, 8: 1, 30: 1, 31: 1}
3961 - boat - DEBUG - 0 {26: 0, 27: 0, 50: 0, 28: 0, 22: 0, 29: 0, 8: 1, 30: 0, 31: 0}
3980 - boat - ERROR - 0 {8}, {8, 9}
3982 - boat - ERROR - 0 {8, 9}, {8, 9}
3982 - boat - DEBUG - 0 {8: 1, 9: 1, 10: 1, 11: 1, 12: 1, 23: 1, 24: 1, 25: 1, 13: 1, 14: 1, 15: 1}
3984 - boat - ERROR - 0 {8, 9}, {8, 9}
3986 - boat - ERROR - 0 {8, 9}, {8, 9}
3986 - boat - DEBUG - 0 {8: 1, 9: 1, 10: 1, 11: 1, 12: 1, 23: 1, 24: 1, 25: 1, 13: 1, 14: 1, 15: 1}
3991 - boat - ERROR - 0 {8, 9}, {9}
3996 - boat - ERROR - 0 {9}, {9}
3996 - boat - DEBUG - 0 {8: 0, 9: 1, 10: 1, 11: 1, 12: 1, 23: 1, 24: 1, 25: 1, 13: 1, 14: 1, 15: 1}
3999 - boat - ERROR - 0 {9}, {9}
4001 - boat - ERROR - 0 {9}, {9}
4001 - boat - DEBUG - 0 {8: 0, 9: 1, 10: 1, 11: 1, 12: 1, 23: 1, 24: 1, 25: 1, 13: 1, 14: 1, 15: 1}
4002 - boat - ERROR - 0 {9}, {9}
4004 - boat - ERROR - 0 {9}, {9}
4005 - boat - DEBUG - 0 {8: 0, 9: 1, 10: 1, 11: 1, 12: 1, 23: 1, 24: 1, 25: 1, 13: 1, 14: 1, 15: 1}
4007 - boat - ERROR - 0 {9}, {9}
4007 - boat - DEBUG - 0 {8: 0, 9: 1, 10: 1, 11: 1, 12: 1, 23: 1, 24: 1, 25: 1, 13: 1, 14: 1, 15: 1}
4010 - boat - ERROR - 0 {9}, {9}
4010 - boat - DEBUG - 0 {8: 0, 9: 1, 10: 1, 11: 1, 12: 1, 23: 1, 24: 1, 25: 1, 13: 1, 14: 1, 15: 1}
4015 - boat - ERROR - 0 {9}, {9}
4015 - boat - DEBUG - 0 {8: 0, 9: 1, 10: 1, 11: 1, 12: 1, 23: 1, 24: 1, 25: 1, 13: 1, 14: 1, 15: 1}
4019 - boat - ERROR - 0 {9}, {9}
4020 - boat - DEBUG - 0 {8: 0, 9: 1, 10: 1, 11: 1, 12: 1, 23: 1, 24: 1, 25: 1, 13: 1, 14: 1, 15: 1}
4025 - boat - ERROR - 0 {9}, {9}
4025 - boat - DEBUG - 0 {8: 0, 9: 1, 10: 1, 11: 1, 12: 1, 23: 1, 24: 1, 25: 1, 13: 1, 14: 1, 15: 1}
4028 - boat - ERROR - 0 {9}, {9}
4029 - boat - DEBUG - 0 {8: 0, 9: 1, 10: 1, 11: 1, 12: 1, 23: 1, 24: 1, 25: 1, 13: 1, 14: 1, 15: 1}
4033 - boat - ERROR - 0 {9}, {9}
4033 - boat - DEBUG - 0 {8: 0, 9: 1, 10: 1, 11: 1, 12: 1, 23: 1, 24: 1, 25: 1, 13: 1, 14: 1, 15: 1}
4036 - boat - ERROR - 0 {9}, {9}
4037 - boat - DEBUG - 0 {8: 0, 9: 1, 10: 1, 11: 1, 12: 1, 23: 1, 24: 1, 25: 1, 13: 1, 14: 1, 15: 1}
4041 - boat - ERROR - 0 {9}, {9}
4041 - boat - DEBUG - 0 {8: 0, 9: 1, 10: 1, 11: 1, 12: 1, 23: 1, 24: 1, 25: 1, 13: 1, 14: 1, 15: 1}
4043 - boat - ERROR - 0 {9}, {9}
4043 - boat - DEBUG - 0 {8: 0, 9: 1, 10: 1, 11: 1, 12: 1, 23: 1, 24: 1, 25: 1, 13: 1, 14: 1, 15: 1}
4047 - boat - ERROR - 0 {9}, {9}
4047 - boat - DEBUG - 0 {8: 0, 9: 1, 10: 1, 11: 1, 12: 1, 23: 1, 24: 1, 25: 1, 13: 1, 14: 1, 15: 1}
4050 - boat - ERROR - 0 {9}, {9}
4050 - boat - DEBUG - 0 {8: 0, 9: 1, 10: 1, 11: 1, 12: 1, 23: 1, 24: 1, 25: 1, 13: 1, 14: 1, 15: 1}
4053 - boat - ERROR - 0 {9}, {9}
4055 - boat - DEBUG - 0 {8: 0, 9: 1, 10: 1, 11: 1, 12: 1, 23: 1, 24: 1, 25: 1, 13: 1, 14: 1, 15: 1}
4059 - boat - ERROR - 0 {9}, {9}
4059 - boat - DEBUG - 0 {8: 0, 9: 1, 10: 1, 11: 1, 12: 1, 23: 1, 24: 1, 25: 1, 13: 1, 14: 1, 15: 1}
4065 - boat - ERROR - 0 {9}, {9}
4065 - boat - DEBUG - 0 {8: 0, 9: 1, 10: 1, 11: 1, 12: 1, 23: 1, 24: 1, 25: 1, 13: 1, 14: 1, 15: 1}
4067 - boat - ERROR - 0 {9}, {9, 10}
4067 - boat - DEBUG - 0 {8: 0, 9: 1, 10: 1, 11: 1, 12: 1, 23: 1, 24: 1, 25: 1, 13: 1, 14: 1, 15: 1}
4071 - boat - ERROR - 0 {9, 10}, {9, 10}
4072 - boat - DEBUG - 0 {8: 0, 9: 1, 10: 1, 11: 1, 12: 1, 23: 1, 24: 1, 25: 1, 13: 1, 14: 1, 15: 1}
4075 - boat - ERROR - 0 {9, 10}, {10}
4075 - boat - DEBUG - 0 {8: 0, 9: 0, 10: 1, 11: 1, 12: 1, 23: 1, 24: 1, 25: 1, 13: 1, 14: 1, 15: 1}
4077 - boat - ERROR - 0 {10}, {10}
4077 - boat - DEBUG - 0 {8: 0, 9: 0, 10: 1, 11: 1, 12: 1, 23: 1, 24: 1, 25: 1, 13: 1, 14: 1, 15: 1}
4080 - boat - ERROR - 0 {10}, {10}
4080 - boat - DEBUG - 0 {8: 0, 9: 0, 10: 1, 11: 1, 12: 1, 23: 1, 24: 1, 25: 1, 13: 1, 14: 1, 15: 1}
4084 - boat - ERROR - 0 {10}, {10}
4084 - boat - DEBUG - 0 {8: 0, 9: 0, 10: 1, 11: 1, 12: 1, 23: 1, 24: 1, 25: 1, 13: 1, 14: 1, 15: 1}
4087 - boat - ERROR - 0 {10}, {10}
4087 - boat - DEBUG - 0 {8: 0, 9: 0, 10: 1, 11: 1, 12: 1, 23: 1, 24: 1, 25: 1, 13: 1, 14: 1, 15: 1}
4091 - boat - ERROR - 0 {10}, {10}
4091 - boat - DEBUG - 0 {8: 0, 9: 0, 10: 1, 11: 1, 12: 1, 23: 1, 24: 1, 25: 1, 13: 1, 14: 1, 15: 1}
4094 - boat - ERROR - 0 {10}, {10}
4094 - boat - DEBUG - 0 {8: 0, 9: 0, 10: 1, 11: 1, 12: 1, 23: 1, 24: 1, 25: 1, 13: 1, 14: 1, 15: 1}
4099 - boat - ERROR - 0 {10}, {10}
4099 - boat - DEBUG - 0 {8: 0, 9: 0, 10: 1, 11: 1, 12: 1, 23: 1, 24: 1, 25: 1, 13: 1, 14: 1, 15: 1}
4103 - boat - ERROR - 0 {10}, {10}
4103 - boat - DEBUG - 0 {8: 0, 9: 0, 10: 1, 11: 1, 12: 1, 23: 1, 24: 1, 25: 1, 13: 1, 14: 1, 15: 1}
4107 - boat - ERROR - 0 {10}, {10}
4107 - boat - DEBUG - 0 {8: 0, 9: 0, 10: 1, 11: 1, 12: 1, 23: 1, 24: 1, 25: 1, 13: 1, 14: 1, 15: 1}
4110 - boat - ERROR - 0 {10}, {10}
4110 - boat - DEBUG - 0 {8: 0, 9: 0, 10: 1, 11: 1, 12: 1, 23: 1, 24: 1, 25: 1, 13: 1, 14: 1, 15: 1}
4114 - boat - ERROR - 0 {10}, {10}
4114 - boat - DEBUG - 0 {8: 0, 9: 0, 10: 1, 11: 1, 12: 1, 23: 1, 24: 1, 25: 1, 13: 1, 14: 1, 15: 1}
4117 - boat - ERROR - 0 {10}, {10}
4117 - boat - DEBUG - 0 {8: 0, 9: 0, 10: 1, 11: 1, 12: 1, 23: 1, 24: 1, 25: 1, 13: 1, 14: 1, 15: 1}
4121 - boat - ERROR - 0 {10}, {10}
4121 - boat - DEBUG - 0 {8: 0, 9: 0, 10: 1, 11: 1, 12: 1, 23: 1, 24: 1, 25: 1, 13: 1, 14: 1, 15: 1}
4124 - boat - ERROR - 0 {10}, {10}
4125 - boat - DEBUG - 0 {8: 0, 9: 0, 10: 1, 11: 1, 12: 1, 23: 1, 24: 1, 25: 1, 13: 1, 14: 1, 15: 1}
4127 - boat - ERROR - 0 {10}, {10}
4127 - boat - DEBUG - 0 {8: 0, 9: 0, 10: 1, 11: 1, 12: 1, 23: 1, 24: 1, 25: 1, 13: 1, 14: 1, 15: 1}
4130 - boat - ERROR - 0 {10}, {10}
4131 - boat - DEBUG - 0 {8: 0, 9: 0, 10: 1, 11: 1, 12: 1, 23: 1, 24: 1, 25: 1, 13: 1, 14: 1, 15: 1}
4135 - boat - ERROR - 0 {10}, {10}
4135 - boat - DEBUG - 0 {8: 0, 9: 0, 10: 1, 11: 1, 12: 1, 23: 1, 24: 1, 25: 1, 13: 1, 14: 1, 15: 1}
4140 - boat - ERROR - 0 {10}, {10, 11}
4143 - boat - ERROR - 0 {10, 11}, {10, 11}
4143 - boat - DEBUG - 0 {8: 0, 9: 0, 10: 1, 11: 1, 12: 1, 23: 1, 24: 1, 25: 1, 13: 1, 14: 1, 15: 1}
4145 - boat - ERROR - 0 {10, 11}, {10, 11}
4149 - boat - ERROR - 0 {10, 11}, {10, 11}
4149 - boat - DEBUG - 0 {8: 0, 9: 0, 10: 1, 11: 1, 12: 1, 23: 1, 24: 1, 25: 1, 13: 1, 14: 1, 15: 1}
4151 - boat - ERROR - 0 {10, 11}, {11}
4154 - boat - ERROR - 0 {11}, {11}
4154 - boat - DEBUG - 0 {8: 0, 9: 0, 10: 0, 11: 1, 12: 1, 23: 1, 24: 1, 25: 1, 13: 1, 14: 1, 15: 1}
4158 - boat - ERROR - 0 {11}, {11}
4161 - boat - ERROR - 0 {11}, {11}
4161 - boat - DEBUG - 0 {8: 0, 9: 0, 10: 0, 11: 1, 12: 1, 23: 1, 24: 1, 25: 1, 13: 1, 14: 1, 15: 1}
4164 - boat - ERROR - 0 {11}, {11, 12, 23}
4168 - boat - ERROR - 0 {11, 12, 23}, {11, 12, 23}
4168 - boat - DEBUG - 0 {8: 0, 9: 0, 10: 0, 11: 1, 12: 1, 23: 1, 24: 1, 25: 1, 13: 1, 14: 1, 15: 1}
4172 - boat - ERROR - 0 {11, 12, 23}, {11, 12, 23}
4177 - boat - ERROR - 0 {11, 12, 23}, {11, 12, 23}
4177 - boat - DEBUG - 0 {8: 0, 9: 0, 10: 0, 11: 1, 12: 1, 23: 1, 24: 1, 25: 1, 13: 1, 14: 1, 15: 1}
4180 - boat - ERROR - 0 {11, 12, 23}, {12, 23}
4180 - boat - DEBUG - 0 {8: 0, 9: 0, 10: 0, 11: 0, 12: 1, 23: 1, 24: 1, 25: 1, 13: 1, 14: 1, 15: 1}
4184 - boat - ERROR - 0 {12, 23}, {12, 23}
4184 - boat - DEBUG - 0 {8: 0, 9: 0, 10: 0, 11: 0, 12: 1, 23: 1, 24: 1, 25: 1, 13: 1, 14: 1, 15: 1}
4188 - boat - ERROR - 0 {12, 23}, {12, 23}
4188 - boat - DEBUG - 0 {8: 0, 9: 0, 10: 0, 11: 0, 12: 1, 23: 1, 24: 1, 25: 1, 13: 1, 14: 1, 15: 1}
4191 - boat - ERROR - 0 {12, 23}, {12, 23}
4191 - boat - DEBUG - 0 {8: 0, 9: 0, 10: 0, 11: 0, 12: 1, 23: 1, 24: 1, 25: 1, 13: 1, 14: 1, 15: 1}
4195 - boat - ERROR - 0 {12, 23}, {12, 23}
4195 - boat - DEBUG - 0 {8: 0, 9: 0, 10: 0, 11: 0, 12: 1, 23: 1, 24: 1, 25: 1, 13: 1, 14: 1, 15: 1}
4200 - boat - ERROR - 0 {12, 23}, {12, 23}
4200 - boat - DEBUG - 0 {8: 0, 9: 0, 10: 0, 11: 0, 12: 1, 23: 1, 24: 1, 25: 1, 13: 1, 14: 1, 15: 1}
4202 - boat - ERROR - 0 {12, 23}, {12, 23}
4202 - boat - DEBUG - 0 {8: 0, 9: 0, 10: 0, 11: 0, 12: 1, 23: 1, 24: 1, 25: 1, 13: 1, 14: 1, 15: 1}
4205 - boat - ERROR - 0 {12, 23}, {12, 23}
4205 - boat - DEBUG - 0 {8: 0, 9: 0, 10: 0, 11: 0, 12: 1, 23: 1, 24: 1, 25: 1, 13: 1, 14: 1, 15: 1}
4209 - boat - ERROR - 0 {12, 23}, {12, 23}
4209 - boat - DEBUG - 0 {8: 0, 9: 0, 10: 0, 11: 0, 12: 1, 23: 1, 24: 1, 25: 1, 13: 1, 14: 1, 15: 1}
4214 - boat - ERROR - 0 {12, 23}, {24, 12, 23}
4214 - boat - DEBUG - 0 {8: 0, 9: 0, 10: 0, 11: 0, 12: 1, 23: 1, 24: 1, 25: 1, 13: 1, 14: 1, 15: 1}
4218 - boat - ERROR - 0 {24, 12, 23}, {24, 12, 23}
4218 - boat - DEBUG - 0 {8: 0, 9: 0, 10: 0, 11: 0, 12: 1, 23: 1, 24: 1, 25: 1, 13: 1, 14: 1, 15: 1}
4223 - boat - ERROR - 0 {24, 12, 23}, {24, 12}
4223 - boat - DEBUG - 0 {8: 0, 9: 0, 10: 0, 11: 0, 12: 1, 23: 0, 24: 1, 25: 1, 13: 1, 14: 1, 15: 1}
4226 - boat - ERROR - 0 {24, 12}, {24, 12}
4226 - boat - DEBUG - 0 {8: 0, 9: 0, 10: 0, 11: 0, 12: 1, 23: 0, 24: 1, 25: 1, 13: 1, 14: 1, 15: 1}
4228 - boat - ERROR - 0 {24, 12}, {24, 25, 12, 13}
4229 - boat - DEBUG - 0 {8: 0, 9: 0, 10: 0, 11: 0, 12: 1, 23: 0, 24: 1, 25: 1, 13: 1, 14: 1, 15: 1}
4234 - boat - ERROR - 0 {24, 25, 12, 13}, {24, 25, 12, 13}
4234 - boat - DEBUG - 0 {8: 0, 9: 0, 10: 0, 11: 0, 12: 1, 23: 0, 24: 1, 25: 1, 13: 1, 14: 1, 15: 1}
4237 - boat - ERROR - 0 {24, 25, 12, 13}, {25, 13}
4237 - boat - DEBUG - 0 {8: 0, 9: 0, 10: 0, 11: 0, 12: 0, 23: 0, 24: 0, 25: 1, 13: 1, 14: 1, 15: 1}
4242 - boat - ERROR - 0 {25, 13}, {25, 13}
4242 - boat - DEBUG - 0 {8: 0, 9: 0, 10: 0, 11: 0, 12: 0, 23: 0, 24: 0, 25: 1, 13: 1, 14: 1, 15: 1}
4244 - boat - ERROR - 0 {25, 13}, {25, 13}
4245 - boat - DEBUG - 0 {8: 0, 9: 0, 10: 0, 11: 0, 12: 0, 23: 0, 24: 0, 25: 1, 13: 1, 14: 1, 15: 1}
4248 - boat - ERROR - 0 {25, 13}, {25, 13}
4248 - boat - DEBUG - 0 {8: 0, 9: 0, 10: 0, 11: 0, 12: 0, 23: 0, 24: 0, 25: 1, 13: 1, 14: 1, 15: 1}
4252 - boat - ERROR - 0 {25, 13}, {25, 13}
4252 - boat - DEBUG - 0 {8: 0, 9: 0, 10: 0, 11: 0, 12: 0, 23: 0, 24: 0, 25: 1, 13: 1, 14: 1, 15: 1}
