872 - main - INFO - robot_bfs_multi_core cost time: 806.3094615936279 ms
915 - main - INFO - gen_boat_valid_grid cost time: 43.20812225341797 ms
3421 - main - INFO - union_lock_grid cost time: 113.5554313659668 ms
3530 - main - INFO - gen_boat_route_topylogy_graph cost time: 108.59107971191406 ms
3530 - main - INFO - boat_bfs_multi_core cost time: 2658.257007598877 ms
3530 - main - INFO - init_env cost time: 3477.02693939209 ms
3531 - main - ERROR - bug for berth 0, 0.0, 1
3531 - main - ERROR - bug for berth 1, 0.0, 1
3531 - main - ERROR - bug for berth 2, 0.0, 1
3534 - main - INFO - path_update cost time: 1.2493133544921875 ms
3534 - main - INFO - path_update cost time: 0.3180503845214844 ms
3535 - main - INFO - path_update cost time: 0.3554821014404297 ms
3536 - main - ERROR - bug for berth 0, 0.0, 2
3536 - main - ERROR - bug for berth 1, 0.0, 2
3536 - main - ERROR - bug for berth 2, 0.0, 2
3538 - main - INFO - path_update cost time: 1.1973381042480469 ms
3538 - main - INFO - path_update cost time: 0.2999305725097656 ms
3539 - main - INFO - path_update cost time: 0.35643577575683594 ms
3635 - main - INFO - path_update cost time: 0.11777877807617188 ms
3636 - main - INFO - path_update cost time: 0.5719661712646484 ms
3639 - main - INFO - path_update cost time: 0.1773834228515625 ms
3639 - main - INFO - path_update cost time: 0.3631114959716797 ms
3642 - main - INFO - path_update cost time: 0.1010894775390625 ms
3643 - main - INFO - path_update cost time: 0.2665519714355469 ms
3646 - main - INFO - path_update cost time: 0.102996826171875 ms
3646 - main - INFO - path_update cost time: 0.27441978454589844 ms
3739 - main - INFO - path_update cost time: 0.09608268737792969 ms
3740 - main - INFO - path_update cost time: 0.45490264892578125 ms
3769 - main - INFO - path_update cost time: 0.07867813110351562 ms
3770 - main - INFO - path_update cost time: 0.5011558532714844 ms
3788 - main - INFO - path_update cost time: 0.11086463928222656 ms
3789 - main - INFO - path_update cost time: 0.5717277526855469 ms
3813 - main - INFO - path_update cost time: 0.08440017700195312 ms
3814 - main - INFO - path_update cost time: 0.6520748138427734 ms
3834 - main - INFO - path_update cost time: 0.0820159912109375 ms
3835 - main - INFO - path_update cost time: 0.2713203430175781 ms
3904 - main - INFO - path_update cost time: 0.10967254638671875 ms
3905 - main - INFO - path_update cost time: 0.4420280456542969 ms
3916 - main - INFO - path_update cost time: 0.06103515625 ms
3916 - main - INFO - path_update cost time: 0.4425048828125 ms
3920 - main - INFO - path_update cost time: 0.1728534698486328 ms
3921 - main - INFO - path_update cost time: 0.5235671997070312 ms
3956 - main - INFO - path_update cost time: 0.09131431579589844 ms
3956 - main - INFO - path_update cost time: 0.31447410583496094 ms
3982 - main - INFO - path_update cost time: 1.1749267578125 ms
3990 - main - INFO - path_update cost time: 0.0934600830078125 ms
3991 - main - INFO - path_update cost time: 0.49805641174316406 ms
4016 - main - INFO - path_update cost time: 0.08654594421386719 ms
4017 - main - INFO - path_update cost time: 0.1697540283203125 ms
4052 - main - INFO - path_update cost time: 0.11229515075683594 ms
4052 - main - INFO - path_update cost time: 0.29969215393066406 ms
4062 - main - INFO - path_update cost time: 0.09298324584960938 ms
4063 - main - INFO - path_update cost time: 0.5474090576171875 ms
4072 - main - INFO - path_update cost time: 0.08273124694824219 ms
4072 - main - INFO - path_update cost time: 0.5676746368408203 ms
4075 - main - INFO - path_update cost time: 0.08344650268554688 ms
4076 - main - INFO - path_update cost time: 0.49233436584472656 ms
4089 - main - INFO - path_update cost time: 0.08463859558105469 ms
4089 - main - INFO - path_update cost time: 0.24008750915527344 ms
4093 - main - INFO - path_update cost time: 0.23865699768066406 ms
4094 - main - INFO - path_update cost time: 0.5238056182861328 ms
4131 - main - INFO - path_update cost time: 0.09632110595703125 ms
4132 - main - INFO - path_update cost time: 0.21982192993164062 ms
4168 - main - INFO - path_update cost time: 0.09059906005859375 ms
4169 - main - INFO - path_update cost time: 0.2491474151611328 ms
4182 - main - INFO - path_update cost time: 0.07367134094238281 ms
4182 - main - INFO - path_update cost time: 0.18310546875 ms
4196 - main - INFO - path_update cost time: 1.8324851989746094 ms
4204 - main - INFO - path_update cost time: 0.12373924255371094 ms
4205 - main - INFO - path_update cost time: 0.4725456237792969 ms
4209 - main - INFO - path_update cost time: 0.09107589721679688 ms
4210 - main - INFO - path_update cost time: 0.3979206085205078 ms
4212 - main - INFO - path_update cost time: 0.14591217041015625 ms
4215 - main - INFO - path_update cost time: 0.08535385131835938 ms
4215 - main - INFO - path_update cost time: 0.20122528076171875 ms
4216 - main - INFO - path_update cost time: 0.13971328735351562 ms
4217 - main - INFO - path_update cost time: 0.06508827209472656 ms
4217 - main - INFO - path_update cost time: 0.19669532775878906 ms
4217 - main - INFO - path_update cost time: 0.3960132598876953 ms
4257 - main - INFO - path_update cost time: 0.06842613220214844 ms
4258 - main - INFO - path_update cost time: 0.3075599670410156 ms
4286 - main - INFO - path_update cost time: 0.08487701416015625 ms
4287 - main - INFO - path_update cost time: 0.34332275390625 ms
4291 - main - INFO - path_update cost time: 0.06532669067382812 ms
4292 - main - INFO - path_update cost time: 0.3409385681152344 ms
4295 - main - INFO - path_update cost time: 0.13208389282226562 ms
4296 - main - INFO - path_update cost time: 0.4153251647949219 ms
4314 - main - INFO - path_update cost time: 0.06103515625 ms
4314 - main - INFO - path_update cost time: 0.1513957977294922 ms
4321 - main - INFO - path_update cost time: 0.07200241088867188 ms
4321 - main - INFO - path_update cost time: 0.18405914306640625 ms
4342 - main - INFO - path_update cost time: 0.07486343383789062 ms
4342 - main - INFO - path_update cost time: 0.1862049102783203 ms
4362 - main - INFO - path_update cost time: 0.09822845458984375 ms
4363 - main - INFO - path_update cost time: 0.23221969604492188 ms
4368 - main - INFO - path_update cost time: 0.0820159912109375 ms
4369 - main - INFO - path_update cost time: 0.4208087921142578 ms
4371 - main - INFO - path_update cost time: 0.07176399230957031 ms
4371 - main - INFO - path_update cost time: 0.21886825561523438 ms
4380 - main - INFO - path_update cost time: 0.10704994201660156 ms
4381 - main - INFO - path_update cost time: 0.2384185791015625 ms
4404 - main - INFO - path_update cost time: 0.1304149627685547 ms
4404 - main - INFO - path_update cost time: 0.3459453582763672 ms
4429 - main - INFO - path_update cost time: 0.08845329284667969 ms
4430 - main - INFO - path_update cost time: 0.8013248443603516 ms
4435 - main - INFO - path_update cost time: 0.08893013000488281 ms
4435 - main - INFO - path_update cost time: 0.3371238708496094 ms
4442 - main - INFO - path_update cost time: 0.08034706115722656 ms
4442 - main - INFO - path_update cost time: 0.25534629821777344 ms
4475 - main - INFO - path_update cost time: 0.09250640869140625 ms
4476 - main - INFO - path_update cost time: 0.7822513580322266 ms
