3821 - boat - ERROR - 0 set(), {26}
3822 - boat - ERROR - 0 {26}, {26}
3823 - boat - ERROR - 0 {26}, {26}
3824 - boat - ERROR - 0 {26}, {26}
3826 - boat - ERROR - 0 {26}, {26}
3827 - boat - ERROR - 0 {26}, {26}
3828 - boat - ERROR - 0 {26}, {26}
3829 - boat - ERROR - 0 {26}, {26}
3832 - boat - ERROR - 0 {26}, {26}
3833 - boat - ERROR - 0 {26}, {26}
3834 - boat - ERROR - 0 {26}, {26}
3835 - boat - ERROR - 0 {26}, {26}
3837 - boat - ERROR - 0 {26}, {26}
3840 - boat - ERROR - 0 {26}, {26}
3841 - boat - ERROR - 0 {26}, {26}
3843 - boat - ERROR - 0 {26}, {26}
3845 - boat - ERROR - 0 {26}, {26}
3846 - boat - ERROR - 0 {26}, {26}
3848 - boat - ERROR - 0 {26}, {26}
3849 - boat - ERROR - 0 {26}, {26}
3850 - boat - ERROR - 0 {26}, {26}
3852 - boat - ERROR - 0 {26}, {26, 27}
3855 - boat - ERROR - 0 {26, 27}, {26, 27}
3857 - boat - ERROR - 0 {26, 27}, {50, 27, 28}
3860 - boat - ERROR - 0 {50, 27, 28}, {50, 27, 28}
3869 - boat - ERROR - 0 {50, 27, 28}, {50, 28}
3870 - boat - ERROR - 0 {50, 28}, {50, 28}
3872 - boat - ERROR - 0 {50, 28}, {50, 28}
3875 - boat - ERROR - 0 {50, 28}, {50, 28}
3877 - boat - ERROR - 0 {50, 28}, {50, 28}
3878 - boat - ERROR - 0 {50, 28}, {50, 28}
3881 - boat - ERROR - 0 {50, 28}, {50, 28}
3886 - boat - ERROR - 0 {50, 28}, {50, 28}
3890 - boat - ERROR - 0 {50, 28}, {50, 28}
3892 - boat - ERROR - 0 {50, 28}, {50, 28}
3894 - boat - ERROR - 0 {50, 28}, {50, 28}
3898 - boat - ERROR - 0 {50, 28}, {50, 28}
3902 - boat - ERROR - 0 {50, 28}, {50, 28}
3908 - boat - ERROR - 0 {50, 28}, {50, 28}
3918 - boat - ERROR - 0 {50, 28}, {50, 28, 22}
3921 - boat - ERROR - 0 {50, 28, 22}, {28, 29, 22}
3923 - boat - ERROR - 0 {28, 29, 22}, {28, 29, 22}
3925 - boat - ERROR - 0 {28, 29, 22}, {28, 29, 22}
3926 - boat - ERROR - 0 {28, 29, 22}, {28, 29, 22}
3928 - boat - ERROR - 0 {28, 29, 22}, {29, 22}
3936 - boat - ERROR - 0 {29, 22}, {29, 22}
3942 - boat - ERROR - 0 {29, 22}, {8, 29, 22, 30}
3944 - boat - ERROR - 0 {8, 29, 22, 30}, {8, 29, 22, 30}
3949 - boat - ERROR - 0 {8, 29, 22, 30}, {8, 22, 29, 30, 31}
3951 - boat - ERROR - 0 {8, 22, 29, 30, 31}, {8, 22, 29, 30, 31}
3952 - boat - ERROR - 0 {8, 22, 29, 30, 31}, {8, 30, 31}
3954 - boat - ERROR - 0 {8, 30, 31}, {8, 30, 31}
3980 - boat - ERROR - 0 {8}, {8, 9}
3982 - boat - ERROR - 0 {8, 9}, {8, 9}
3984 - boat - ERROR - 0 {8, 9}, {8, 9}
3986 - boat - ERROR - 0 {8, 9}, {8, 9}
3991 - boat - ERROR - 0 {8, 9}, {9}
3996 - boat - ERROR - 0 {9}, {9}
3999 - boat - ERROR - 0 {9}, {9}
4001 - boat - ERROR - 0 {9}, {9}
4002 - boat - ERROR - 0 {9}, {9}
4004 - boat - ERROR - 0 {9}, {9}
4007 - boat - ERROR - 0 {9}, {9}
4010 - boat - ERROR - 0 {9}, {9}
4015 - boat - ERROR - 0 {9}, {9}
4019 - boat - ERROR - 0 {9}, {9}
4025 - boat - ERROR - 0 {9}, {9}
4028 - boat - ERROR - 0 {9}, {9}
4033 - boat - ERROR - 0 {9}, {9}
4036 - boat - ERROR - 0 {9}, {9}
4041 - boat - ERROR - 0 {9}, {9}
4043 - boat - ERROR - 0 {9}, {9}
4047 - boat - ERROR - 0 {9}, {9}
4050 - boat - ERROR - 0 {9}, {9}
4053 - boat - ERROR - 0 {9}, {9}
4059 - boat - ERROR - 0 {9}, {9}
4065 - boat - ERROR - 0 {9}, {9}
4067 - boat - ERROR - 0 {9}, {9, 10}
4071 - boat - ERROR - 0 {9, 10}, {9, 10}
4075 - boat - ERROR - 0 {9, 10}, {10}
4077 - boat - ERROR - 0 {10}, {10}
4080 - boat - ERROR - 0 {10}, {10}
4084 - boat - ERROR - 0 {10}, {10}
4087 - boat - ERROR - 0 {10}, {10}
4091 - boat - ERROR - 0 {10}, {10}
4094 - boat - ERROR - 0 {10}, {10}
4099 - boat - ERROR - 0 {10}, {10}
4103 - boat - ERROR - 0 {10}, {10}
4107 - boat - ERROR - 0 {10}, {10}
4110 - boat - ERROR - 0 {10}, {10}
4114 - boat - ERROR - 0 {10}, {10}
4117 - boat - ERROR - 0 {10}, {10}
4121 - boat - ERROR - 0 {10}, {10}
4124 - boat - ERROR - 0 {10}, {10}
4127 - boat - ERROR - 0 {10}, {10}
4130 - boat - ERROR - 0 {10}, {10}
4135 - boat - ERROR - 0 {10}, {10}
4140 - boat - ERROR - 0 {10}, {10, 11}
4143 - boat - ERROR - 0 {10, 11}, {10, 11}
4145 - boat - ERROR - 0 {10, 11}, {10, 11}
4149 - boat - ERROR - 0 {10, 11}, {10, 11}
4151 - boat - ERROR - 0 {10, 11}, {11}
4154 - boat - ERROR - 0 {11}, {11}
4158 - boat - ERROR - 0 {11}, {11}
4161 - boat - ERROR - 0 {11}, {11}
4164 - boat - ERROR - 0 {11}, {11, 12, 23}
4168 - boat - ERROR - 0 {11, 12, 23}, {11, 12, 23}
4172 - boat - ERROR - 0 {11, 12, 23}, {11, 12, 23}
4177 - boat - ERROR - 0 {11, 12, 23}, {11, 12, 23}
4180 - boat - ERROR - 0 {11, 12, 23}, {12, 23}
4184 - boat - ERROR - 0 {12, 23}, {12, 23}
4188 - boat - ERROR - 0 {12, 23}, {12, 23}
4191 - boat - ERROR - 0 {12, 23}, {12, 23}
4195 - boat - ERROR - 0 {12, 23}, {12, 23}
4200 - boat - ERROR - 0 {12, 23}, {12, 23}
4202 - boat - ERROR - 0 {12, 23}, {12, 23}
4205 - boat - ERROR - 0 {12, 23}, {12, 23}
4209 - boat - ERROR - 0 {12, 23}, {12, 23}
4214 - boat - ERROR - 0 {12, 23}, {24, 12, 23}
4218 - boat - ERROR - 0 {24, 12, 23}, {24, 12, 23}
4223 - boat - ERROR - 0 {24, 12, 23}, {24, 12}
4226 - boat - ERROR - 0 {24, 12}, {24, 12}
4228 - boat - ERROR - 0 {24, 12}, {24, 25, 12, 13}
4234 - boat - ERROR - 0 {24, 25, 12, 13}, {24, 25, 12, 13}
4237 - boat - ERROR - 0 {24, 25, 12, 13}, {25, 13}
4242 - boat - ERROR - 0 {25, 13}, {25, 13}
4244 - boat - ERROR - 0 {25, 13}, {25, 13}
4248 - boat - ERROR - 0 {25, 13}, {25, 13}
4252 - boat - ERROR - 0 {25, 13}, {25, 13}
