3530 - scheduler - INFO - berth information: 
3530 - scheduler - INFO - berth_id: 0 at (3, 98), loading speed: 1
3530 - scheduler - INFO - berth_id: 1 at (92, 3), loading speed: 1
3530 - scheduler - INFO - berth_id: 2 at (92, 194), loading speed: 1
3530 - scheduler - INFO - 
3531 - scheduler - INFO - zhen 1 boat_id:0  lboat (2, 2), Boat_Direction.RIGHT!

3635 - scheduler - INFO - id: 1, target_gds:gds: (165, 25) 194
3639 - scheduler - INFO - id: 4, target_gds:gds: (100, 76) 92
3642 - scheduler - INFO - id: 2, target_gds:gds: (83, 137) 94
3646 - scheduler - INFO - id: 5, target_gds:gds: (126, 176) 44
3835 - scheduler - INFO - id: 5, target_gds:gds: (105, 134) 2
3905 - scheduler - INFO - id: 2, target_gds:gds: (48, 163) 40
3916 - scheduler - INFO - id: 0, target_gds:gds: (26, 151) 92
3920 - scheduler - INFO - id: 3, target_gds:gds: (43, 126) 80
3956 - scheduler - INFO - id: 4, target_gds:gds: (119, 45) 70
4017 - scheduler - INFO - id: 1, target_gds:gds: (99, 15) 91
4089 - scheduler - INFO - id: 1, target_gds:gds: (93, 65) 75
4131 - scheduler - INFO - id: 5, target_gds:gds: (110, 190) 84
4182 - scheduler - INFO - id: 3, target_gds:gds: (9, 132) 199
4209 - scheduler - INFO - id: 5, target_gds:gds: (116, 103) 191
4215 - scheduler - INFO - id: 2, target_gds:gds: (112, 171) 68
4217 - scheduler - INFO - id: 0, target_gds:gds: (16, 98) 94
4217 - scheduler - INFO - id: 4, target_gds:gds: (68, 22) 190
4314 - scheduler - INFO - id: 1, target_gds:gds: (104, 6) 60
4321 - scheduler - INFO - id: 3, target_gds:gds: (5, 138) 72
4362 - scheduler - INFO - id: 2, target_gds:gds: (117, 185) 44
4369 - scheduler - INFO - id: 1, target_gds:gds: (137, 24) 183
4371 - scheduler - INFO - id: 0, target_gds:gds: (16, 137) 84
4380 - scheduler - INFO - id: 4, target_gds:gds: (83, 19) 57
