2367 - berth - INFO - zhen 1 cur_num_gds:0 
2367 - berth - INFO - zhen 1 cur_num_gds:0 
2367 - berth - INFO - zhen 1 cur_num_gds:0 
2367 - berth - INFO - zhen 1 cur_num_gds:0 
2368 - berth - INFO - zhen 2 cur_num_gds:0 
2368 - berth - INFO - zhen 2 cur_num_gds:0 
2368 - berth - INFO - zhen 2 cur_num_gds:0 
2368 - berth - INFO - zhen 2 cur_num_gds:0 
2369 - berth - INFO - zhen 3 cur_num_gds:0 
2369 - berth - INFO - zhen 3 cur_num_gds:0 
2369 - berth - INFO - zhen 3 cur_num_gds:0 
2369 - berth - INFO - zhen 3 cur_num_gds:0 
2370 - berth - INFO - zhen 4 cur_num_gds:0 
2370 - berth - INFO - zhen 4 cur_num_gds:0 
2370 - berth - INFO - zhen 4 cur_num_gds:0 
2370 - berth - INFO - zhen 4 cur_num_gds:0 
2371 - berth - INFO - zhen 5 cur_num_gds:0 
2371 - berth - INFO - zhen 5 cur_num_gds:0 
2371 - berth - INFO - zhen 5 cur_num_gds:0 
2371 - berth - INFO - zhen 5 cur_num_gds:0 
2373 - berth - INFO - zhen 6 cur_num_gds:0 
2373 - berth - INFO - zhen 6 cur_num_gds:0 
2373 - berth - INFO - zhen 6 cur_num_gds:0 
2373 - berth - INFO - zhen 6 cur_num_gds:0 
2374 - berth - INFO - zhen 7 cur_num_gds:0 
2374 - berth - INFO - zhen 7 cur_num_gds:0 
2374 - berth - INFO - zhen 7 cur_num_gds:0 
2374 - berth - INFO - zhen 7 cur_num_gds:0 
2375 - berth - INFO - zhen 8 cur_num_gds:0 
2375 - berth - INFO - zhen 8 cur_num_gds:0 
2375 - berth - INFO - zhen 8 cur_num_gds:0 
2375 - berth - INFO - zhen 8 cur_num_gds:0 
2376 - berth - INFO - zhen 9 cur_num_gds:0 
2376 - berth - INFO - zhen 9 cur_num_gds:0 
2376 - berth - INFO - zhen 9 cur_num_gds:0 
2376 - berth - INFO - zhen 9 cur_num_gds:0 
2378 - berth - INFO - zhen 11 cur_num_gds:0 
2378 - berth - INFO - zhen 11 cur_num_gds:0 
2378 - berth - INFO - zhen 11 cur_num_gds:0 
2379 - berth - INFO - zhen 11 cur_num_gds:0 
2380 - berth - INFO - zhen 12 cur_num_gds:0 
2380 - berth - INFO - zhen 12 cur_num_gds:0 
2380 - berth - INFO - zhen 12 cur_num_gds:0 
2380 - berth - INFO - zhen 12 cur_num_gds:0 
2381 - berth - INFO - zhen 13 cur_num_gds:0 
2381 - berth - INFO - zhen 13 cur_num_gds:0 
2381 - berth - INFO - zhen 13 cur_num_gds:0 
2381 - berth - INFO - zhen 13 cur_num_gds:0 
2382 - berth - INFO - zhen 14 cur_num_gds:0 
2382 - berth - INFO - zhen 14 cur_num_gds:0 
2382 - berth - INFO - zhen 14 cur_num_gds:0 
2382 - berth - INFO - zhen 14 cur_num_gds:0 
2383 - berth - INFO - zhen 15 cur_num_gds:0 
2383 - berth - INFO - zhen 15 cur_num_gds:0 
2383 - berth - INFO - zhen 15 cur_num_gds:0 
2383 - berth - INFO - zhen 15 cur_num_gds:0 
2385 - berth - INFO - zhen 16 cur_num_gds:0 
2385 - berth - INFO - zhen 16 cur_num_gds:0 
2385 - berth - INFO - zhen 16 cur_num_gds:0 
2385 - berth - INFO - zhen 16 cur_num_gds:0 
2386 - berth - INFO - zhen 17 cur_num_gds:0 
2386 - berth - INFO - zhen 17 cur_num_gds:0 
2386 - berth - INFO - zhen 17 cur_num_gds:0 
2386 - berth - INFO - zhen 17 cur_num_gds:0 
2387 - berth - INFO - zhen 18 cur_num_gds:0 
2388 - berth - INFO - zhen 18 cur_num_gds:0 
2388 - berth - INFO - zhen 18 cur_num_gds:0 
2388 - berth - INFO - zhen 18 cur_num_gds:0 
2389 - berth - INFO - zhen 19 cur_num_gds:0 
2389 - berth - INFO - zhen 19 cur_num_gds:0 
2389 - berth - INFO - zhen 19 cur_num_gds:0 
2389 - berth - INFO - zhen 19 cur_num_gds:0 
2392 - berth - INFO - zhen 21 cur_num_gds:0 
2392 - berth - INFO - zhen 21 cur_num_gds:0 
2392 - berth - INFO - zhen 21 cur_num_gds:0 
2392 - berth - INFO - zhen 21 cur_num_gds:0 
2395 - berth - INFO - zhen 22 cur_num_gds:0 
2395 - berth - INFO - zhen 22 cur_num_gds:0 
2395 - berth - INFO - zhen 22 cur_num_gds:0 
2395 - berth - INFO - zhen 22 cur_num_gds:0 
2396 - berth - INFO - zhen 23 cur_num_gds:0 
2396 - berth - INFO - zhen 23 cur_num_gds:0 
2396 - berth - INFO - zhen 23 cur_num_gds:0 
2396 - berth - INFO - zhen 23 cur_num_gds:0 
2397 - berth - INFO - zhen 24 cur_num_gds:0 
2397 - berth - INFO - zhen 24 cur_num_gds:0 
2397 - berth - INFO - zhen 24 cur_num_gds:0 
2397 - berth - INFO - zhen 24 cur_num_gds:0 
2399 - berth - INFO - zhen 25 cur_num_gds:0 
2399 - berth - INFO - zhen 25 cur_num_gds:0 
2399 - berth - INFO - zhen 25 cur_num_gds:0 
2399 - berth - INFO - zhen 25 cur_num_gds:0 
2400 - berth - INFO - zhen 26 cur_num_gds:0 
2400 - berth - INFO - zhen 26 cur_num_gds:0 
2400 - berth - INFO - zhen 26 cur_num_gds:0 
2400 - berth - INFO - zhen 26 cur_num_gds:0 
2401 - berth - INFO - zhen 27 cur_num_gds:0 
2401 - berth - INFO - zhen 27 cur_num_gds:0 
2401 - berth - INFO - zhen 27 cur_num_gds:0 
2401 - berth - INFO - zhen 27 cur_num_gds:0 
2402 - berth - INFO - zhen 28 cur_num_gds:0 
2402 - berth - INFO - zhen 28 cur_num_gds:0 
2402 - berth - INFO - zhen 28 cur_num_gds:0 
2402 - berth - INFO - zhen 28 cur_num_gds:0 
2403 - berth - INFO - zhen 29 cur_num_gds:0 
2403 - berth - INFO - zhen 29 cur_num_gds:0 
2403 - berth - INFO - zhen 29 cur_num_gds:0 
2403 - berth - INFO - zhen 29 cur_num_gds:0 
2406 - berth - INFO - zhen 31 cur_num_gds:0 
2406 - berth - INFO - zhen 31 cur_num_gds:0 
2406 - berth - INFO - zhen 31 cur_num_gds:0 
2406 - berth - INFO - zhen 31 cur_num_gds:0 
2408 - berth - INFO - zhen 32 cur_num_gds:0 
2408 - berth - INFO - zhen 32 cur_num_gds:0 
2408 - berth - INFO - zhen 32 cur_num_gds:0 
2408 - berth - INFO - zhen 32 cur_num_gds:0 
2409 - berth - INFO - zhen 33 cur_num_gds:0 
2409 - berth - INFO - zhen 33 cur_num_gds:0 
2409 - berth - INFO - zhen 33 cur_num_gds:0 
2409 - berth - INFO - zhen 33 cur_num_gds:0 
2410 - berth - INFO - zhen 34 cur_num_gds:0 
2410 - berth - INFO - zhen 34 cur_num_gds:0 
2410 - berth - INFO - zhen 34 cur_num_gds:0 
2410 - berth - INFO - zhen 34 cur_num_gds:0 
2411 - berth - INFO - zhen 35 cur_num_gds:0 
2411 - berth - INFO - zhen 35 cur_num_gds:0 
2411 - berth - INFO - zhen 35 cur_num_gds:0 
2411 - berth - INFO - zhen 35 cur_num_gds:0 
2413 - berth - INFO - zhen 36 cur_num_gds:0 
2413 - berth - INFO - zhen 36 cur_num_gds:0 
2413 - berth - INFO - zhen 36 cur_num_gds:0 
2413 - berth - INFO - zhen 36 cur_num_gds:0 
2414 - berth - INFO - zhen 37 cur_num_gds:0 
2414 - berth - INFO - zhen 37 cur_num_gds:0 
2414 - berth - INFO - zhen 37 cur_num_gds:0 
2414 - berth - INFO - zhen 37 cur_num_gds:0 
2416 - berth - INFO - zhen 38 cur_num_gds:0 
2416 - berth - INFO - zhen 38 cur_num_gds:0 
2416 - berth - INFO - zhen 38 cur_num_gds:0 
2416 - berth - INFO - zhen 38 cur_num_gds:0 
2417 - berth - INFO - zhen 39 cur_num_gds:0 
2417 - berth - INFO - zhen 39 cur_num_gds:0 
2417 - berth - INFO - zhen 39 cur_num_gds:0 
2417 - berth - INFO - zhen 39 cur_num_gds:0 
2419 - berth - INFO - zhen 41 cur_num_gds:0 
2419 - berth - INFO - zhen 41 cur_num_gds:0 
2419 - berth - INFO - zhen 41 cur_num_gds:0 
2419 - berth - INFO - zhen 41 cur_num_gds:0 
2421 - berth - INFO - zhen 42 cur_num_gds:0 
2421 - berth - INFO - zhen 42 cur_num_gds:0 
2421 - berth - INFO - zhen 42 cur_num_gds:0 
2421 - berth - INFO - zhen 42 cur_num_gds:0 
2422 - berth - INFO - zhen 43 cur_num_gds:0 
2422 - berth - INFO - zhen 43 cur_num_gds:0 
2422 - berth - INFO - zhen 43 cur_num_gds:0 
2422 - berth - INFO - zhen 43 cur_num_gds:0 
2424 - berth - INFO - zhen 44 cur_num_gds:0 
2424 - berth - INFO - zhen 44 cur_num_gds:0 
2424 - berth - INFO - zhen 44 cur_num_gds:0 
2424 - berth - INFO - zhen 44 cur_num_gds:0 
2425 - berth - INFO - zhen 45 cur_num_gds:0 
2425 - berth - INFO - zhen 45 cur_num_gds:0 
2425 - berth - INFO - zhen 45 cur_num_gds:0 
2425 - berth - INFO - zhen 45 cur_num_gds:0 
2426 - berth - INFO - zhen 46 cur_num_gds:0 
2426 - berth - INFO - zhen 46 cur_num_gds:0 
2426 - berth - INFO - zhen 46 cur_num_gds:0 
2426 - berth - INFO - zhen 46 cur_num_gds:0 
2427 - berth - INFO - zhen 47 cur_num_gds:0 
2427 - berth - INFO - zhen 47 cur_num_gds:0 
2427 - berth - INFO - zhen 47 cur_num_gds:0 
2427 - berth - INFO - zhen 47 cur_num_gds:0 
2429 - berth - INFO - zhen 48 cur_num_gds:0 
2429 - berth - INFO - zhen 48 cur_num_gds:0 
2429 - berth - INFO - zhen 48 cur_num_gds:0 
2429 - berth - INFO - zhen 48 cur_num_gds:0 
2430 - berth - INFO - zhen 49 cur_num_gds:0 
2430 - berth - INFO - zhen 49 cur_num_gds:0 
2430 - berth - INFO - zhen 49 cur_num_gds:0 
2430 - berth - INFO - zhen 49 cur_num_gds:0 
2432 - berth - INFO - zhen 51 cur_num_gds:0 
2432 - berth - INFO - zhen 51 cur_num_gds:0 
2432 - berth - INFO - zhen 51 cur_num_gds:0 
2432 - berth - INFO - zhen 51 cur_num_gds:0 
2434 - berth - INFO - zhen 52 cur_num_gds:0 
2434 - berth - INFO - zhen 52 cur_num_gds:0 
2434 - berth - INFO - zhen 52 cur_num_gds:0 
2434 - berth - INFO - zhen 52 cur_num_gds:0 
2435 - berth - INFO - zhen 53 cur_num_gds:0 
2435 - berth - INFO - zhen 53 cur_num_gds:0 
2435 - berth - INFO - zhen 53 cur_num_gds:0 
2435 - berth - INFO - zhen 53 cur_num_gds:0 
2436 - berth - INFO - zhen 54 cur_num_gds:0 
2436 - berth - INFO - zhen 54 cur_num_gds:0 
2436 - berth - INFO - zhen 54 cur_num_gds:0 
2436 - berth - INFO - zhen 54 cur_num_gds:0 
2437 - berth - INFO - zhen 55 cur_num_gds:0 
2437 - berth - INFO - zhen 55 cur_num_gds:0 
2437 - berth - INFO - zhen 55 cur_num_gds:0 
2437 - berth - INFO - zhen 55 cur_num_gds:0 
2438 - berth - INFO - zhen 56 cur_num_gds:0 
2438 - berth - INFO - zhen 56 cur_num_gds:0 
2438 - berth - INFO - zhen 56 cur_num_gds:0 
2438 - berth - INFO - zhen 56 cur_num_gds:0 
2440 - berth - INFO - zhen 57 cur_num_gds:0 
2440 - berth - INFO - zhen 57 cur_num_gds:0 
2440 - berth - INFO - zhen 57 cur_num_gds:0 
2440 - berth - INFO - zhen 57 cur_num_gds:0 
2441 - berth - INFO - zhen 58 cur_num_gds:0 
2441 - berth - INFO - zhen 58 cur_num_gds:0 
2441 - berth - INFO - zhen 58 cur_num_gds:0 
2441 - berth - INFO - zhen 58 cur_num_gds:0 
2443 - berth - INFO - zhen 59 cur_num_gds:0 
2443 - berth - INFO - zhen 59 cur_num_gds:0 
2443 - berth - INFO - zhen 59 cur_num_gds:0 
2443 - berth - INFO - zhen 59 cur_num_gds:0 
2445 - berth - INFO - zhen 61 cur_num_gds:0 
2445 - berth - INFO - zhen 61 cur_num_gds:0 
2445 - berth - INFO - zhen 61 cur_num_gds:0 
2445 - berth - INFO - zhen 61 cur_num_gds:0 
2447 - berth - INFO - zhen 62 cur_num_gds:0 
2447 - berth - INFO - zhen 62 cur_num_gds:0 
2447 - berth - INFO - zhen 62 cur_num_gds:0 
2447 - berth - INFO - zhen 62 cur_num_gds:0 
2448 - berth - INFO - zhen 63 cur_num_gds:0 
2448 - berth - INFO - zhen 63 cur_num_gds:0 
2448 - berth - INFO - zhen 63 cur_num_gds:0 
2448 - berth - INFO - zhen 63 cur_num_gds:0 
2449 - berth - INFO - zhen 64 cur_num_gds:0 
2449 - berth - INFO - zhen 64 cur_num_gds:0 
2450 - berth - INFO - zhen 64 cur_num_gds:0 
2450 - berth - INFO - zhen 64 cur_num_gds:0 
2451 - berth - INFO - zhen 65 cur_num_gds:0 
2451 - berth - INFO - zhen 65 cur_num_gds:0 
2451 - berth - INFO - zhen 65 cur_num_gds:0 
2451 - berth - INFO - zhen 65 cur_num_gds:0 
2452 - berth - INFO - zhen 66 cur_num_gds:0 
2452 - berth - INFO - zhen 66 cur_num_gds:0 
2452 - berth - INFO - zhen 66 cur_num_gds:0 
2452 - berth - INFO - zhen 66 cur_num_gds:0 
2453 - berth - INFO - zhen 67 cur_num_gds:0 
2453 - berth - INFO - zhen 67 cur_num_gds:0 
2453 - berth - INFO - zhen 67 cur_num_gds:0 
2453 - berth - INFO - zhen 67 cur_num_gds:0 
2455 - berth - INFO - zhen 68 cur_num_gds:0 
2455 - berth - INFO - zhen 68 cur_num_gds:0 
2455 - berth - INFO - zhen 68 cur_num_gds:0 
2455 - berth - INFO - zhen 68 cur_num_gds:0 
2456 - berth - INFO - zhen 69 cur_num_gds:0 
2456 - berth - INFO - zhen 69 cur_num_gds:0 
2456 - berth - INFO - zhen 69 cur_num_gds:0 
2456 - berth - INFO - zhen 69 cur_num_gds:0 
2459 - berth - INFO - zhen 71 cur_num_gds:0 
2459 - berth - INFO - zhen 71 cur_num_gds:0 
2459 - berth - INFO - zhen 71 cur_num_gds:0 
2459 - berth - INFO - zhen 71 cur_num_gds:0 
2461 - berth - INFO - zhen 72 cur_num_gds:0 
2461 - berth - INFO - zhen 72 cur_num_gds:0 
2461 - berth - INFO - zhen 72 cur_num_gds:0 
2461 - berth - INFO - zhen 72 cur_num_gds:0 
2462 - berth - INFO - zhen 73 cur_num_gds:0 
2462 - berth - INFO - zhen 73 cur_num_gds:0 
2462 - berth - INFO - zhen 73 cur_num_gds:0 
2462 - berth - INFO - zhen 73 cur_num_gds:0 
2463 - berth - INFO - zhen 74 cur_num_gds:0 
2463 - berth - INFO - zhen 74 cur_num_gds:0 
2463 - berth - INFO - zhen 74 cur_num_gds:0 
2463 - berth - INFO - zhen 74 cur_num_gds:0 
2464 - berth - INFO - zhen 75 cur_num_gds:0 
2464 - berth - INFO - zhen 75 cur_num_gds:0 
2464 - berth - INFO - zhen 75 cur_num_gds:0 
2464 - berth - INFO - zhen 75 cur_num_gds:0 
2466 - berth - INFO - zhen 76 cur_num_gds:0 
2466 - berth - INFO - zhen 76 cur_num_gds:0 
2466 - berth - INFO - zhen 76 cur_num_gds:0 
2466 - berth - INFO - zhen 76 cur_num_gds:0 
2467 - berth - INFO - zhen 77 cur_num_gds:0 
2467 - berth - INFO - zhen 77 cur_num_gds:0 
2467 - berth - INFO - zhen 77 cur_num_gds:0 
2467 - berth - INFO - zhen 77 cur_num_gds:0 
2468 - berth - INFO - zhen 78 cur_num_gds:0 
2468 - berth - INFO - zhen 78 cur_num_gds:0 
2468 - berth - INFO - zhen 78 cur_num_gds:0 
2468 - berth - INFO - zhen 78 cur_num_gds:0 
2469 - berth - INFO - zhen 79 cur_num_gds:0 
2469 - berth - INFO - zhen 79 cur_num_gds:0 
2469 - berth - INFO - zhen 79 cur_num_gds:0 
2469 - berth - INFO - zhen 79 cur_num_gds:0 
2472 - berth - INFO - zhen 81 cur_num_gds:0 
2472 - berth - INFO - zhen 81 cur_num_gds:0 
2472 - berth - INFO - zhen 81 cur_num_gds:0 
2472 - berth - INFO - zhen 81 cur_num_gds:0 
2475 - berth - INFO - zhen 82 cur_num_gds:0 
2476 - berth - INFO - zhen 82 cur_num_gds:0 
2476 - berth - INFO - zhen 82 cur_num_gds:0 
2476 - berth - INFO - zhen 82 cur_num_gds:0 
2477 - berth - INFO - zhen 83 cur_num_gds:0 
2477 - berth - INFO - zhen 83 cur_num_gds:0 
2477 - berth - INFO - zhen 83 cur_num_gds:0 
2477 - berth - INFO - zhen 83 cur_num_gds:0 
2478 - berth - INFO - zhen 84 cur_num_gds:0 
2478 - berth - INFO - zhen 84 cur_num_gds:0 
2478 - berth - INFO - zhen 84 cur_num_gds:0 
2478 - berth - INFO - zhen 84 cur_num_gds:0 
2482 - berth - INFO - zhen 85 cur_num_gds:0 
2482 - berth - INFO - zhen 85 cur_num_gds:0 
2482 - berth - INFO - zhen 85 cur_num_gds:0 
2482 - berth - INFO - zhen 85 cur_num_gds:0 
2483 - berth - INFO - zhen 86 cur_num_gds:0 
2483 - berth - INFO - zhen 86 cur_num_gds:0 
2483 - berth - INFO - zhen 86 cur_num_gds:0 
2483 - berth - INFO - zhen 86 cur_num_gds:0 
2485 - berth - INFO - zhen 87 cur_num_gds:0 
2485 - berth - INFO - zhen 87 cur_num_gds:0 
2485 - berth - INFO - zhen 87 cur_num_gds:0 
2485 - berth - INFO - zhen 87 cur_num_gds:0 
2486 - berth - INFO - zhen 88 cur_num_gds:0 
2486 - berth - INFO - zhen 88 cur_num_gds:0 
2486 - berth - INFO - zhen 88 cur_num_gds:0 
2486 - berth - INFO - zhen 88 cur_num_gds:0 
2487 - berth - INFO - zhen 89 cur_num_gds:0 
2487 - berth - INFO - zhen 89 cur_num_gds:0 
2487 - berth - INFO - zhen 89 cur_num_gds:0 
2487 - berth - INFO - zhen 89 cur_num_gds:0 
2490 - berth - INFO - zhen 91 cur_num_gds:0 
2490 - berth - INFO - zhen 91 cur_num_gds:0 
2490 - berth - INFO - zhen 91 cur_num_gds:0 
2490 - berth - INFO - zhen 91 cur_num_gds:0 
2491 - berth - INFO - zhen 92 cur_num_gds:0 
2491 - berth - INFO - zhen 92 cur_num_gds:0 
2491 - berth - INFO - zhen 92 cur_num_gds:0 
2491 - berth - INFO - zhen 92 cur_num_gds:0 
2492 - berth - INFO - zhen 93 cur_num_gds:0 
2492 - berth - INFO - zhen 93 cur_num_gds:0 
2493 - berth - INFO - zhen 93 cur_num_gds:0 
2493 - berth - INFO - zhen 93 cur_num_gds:0 
2494 - berth - INFO - zhen 94 cur_num_gds:0 
2494 - berth - INFO - zhen 94 cur_num_gds:0 
2494 - berth - INFO - zhen 94 cur_num_gds:0 
2494 - berth - INFO - zhen 94 cur_num_gds:0 
2495 - berth - INFO - zhen 95 cur_num_gds:0 
2495 - berth - INFO - zhen 95 cur_num_gds:0 
2495 - berth - INFO - zhen 95 cur_num_gds:0 
2495 - berth - INFO - zhen 95 cur_num_gds:0 
2496 - berth - INFO - zhen 96 cur_num_gds:0 
2496 - berth - INFO - zhen 96 cur_num_gds:0 
2496 - berth - INFO - zhen 96 cur_num_gds:0 
2496 - berth - INFO - zhen 96 cur_num_gds:0 
2498 - berth - INFO - zhen 97 cur_num_gds:0 
2498 - berth - INFO - zhen 97 cur_num_gds:0 
2498 - berth - INFO - zhen 97 cur_num_gds:0 
2498 - berth - INFO - zhen 97 cur_num_gds:0 
2499 - berth - INFO - zhen 98 cur_num_gds:0 
2499 - berth - INFO - zhen 98 cur_num_gds:0 
2499 - berth - INFO - zhen 98 cur_num_gds:0 
2499 - berth - INFO - zhen 98 cur_num_gds:0 
2500 - berth - INFO - zhen 99 cur_num_gds:0 
2500 - berth - INFO - zhen 99 cur_num_gds:0 
2500 - berth - INFO - zhen 99 cur_num_gds:0 
2500 - berth - INFO - zhen 99 cur_num_gds:0 
2503 - berth - INFO - zhen 101 cur_num_gds:0 
2503 - berth - INFO - zhen 101 cur_num_gds:0 
2503 - berth - INFO - zhen 101 cur_num_gds:0 
2503 - berth - INFO - zhen 101 cur_num_gds:0 
2504 - berth - INFO - zhen 102 cur_num_gds:0 
2504 - berth - INFO - zhen 102 cur_num_gds:0 
2504 - berth - INFO - zhen 102 cur_num_gds:0 
2504 - berth - INFO - zhen 102 cur_num_gds:0 
2505 - berth - INFO - zhen 103 cur_num_gds:0 
2505 - berth - INFO - zhen 103 cur_num_gds:0 
2505 - berth - INFO - zhen 103 cur_num_gds:0 
2505 - berth - INFO - zhen 103 cur_num_gds:0 
2507 - berth - INFO - zhen 104 cur_num_gds:0 
2507 - berth - INFO - zhen 104 cur_num_gds:0 
2507 - berth - INFO - zhen 104 cur_num_gds:0 
2507 - berth - INFO - zhen 104 cur_num_gds:0 
2508 - berth - INFO - zhen 105 cur_num_gds:0 
2508 - berth - INFO - zhen 105 cur_num_gds:0 
2508 - berth - INFO - zhen 105 cur_num_gds:0 
2508 - berth - INFO - zhen 105 cur_num_gds:0 
2509 - berth - INFO - zhen 106 cur_num_gds:0 
2509 - berth - INFO - zhen 106 cur_num_gds:0 
2509 - berth - INFO - zhen 106 cur_num_gds:0 
2509 - berth - INFO - zhen 106 cur_num_gds:0 
2511 - berth - INFO - zhen 107 cur_num_gds:0 
2511 - berth - INFO - zhen 107 cur_num_gds:0 
2511 - berth - INFO - zhen 107 cur_num_gds:0 
2511 - berth - INFO - zhen 107 cur_num_gds:0 
2512 - berth - INFO - zhen 108 cur_num_gds:0 
2512 - berth - INFO - zhen 108 cur_num_gds:0 
2512 - berth - INFO - zhen 108 cur_num_gds:0 
2512 - berth - INFO - zhen 108 cur_num_gds:0 
2513 - berth - INFO - zhen 109 cur_num_gds:0 
2513 - berth - INFO - zhen 109 cur_num_gds:0 
2513 - berth - INFO - zhen 109 cur_num_gds:0 
2513 - berth - INFO - zhen 109 cur_num_gds:0 
2516 - berth - INFO - zhen 111 cur_num_gds:0 
2516 - berth - INFO - zhen 111 cur_num_gds:0 
2516 - berth - INFO - zhen 111 cur_num_gds:0 
2516 - berth - INFO - zhen 111 cur_num_gds:0 
2517 - berth - INFO - zhen 112 cur_num_gds:0 
2517 - berth - INFO - zhen 112 cur_num_gds:0 
2517 - berth - INFO - zhen 112 cur_num_gds:0 
2518 - berth - INFO - zhen 112 cur_num_gds:0 
2519 - berth - INFO - zhen 113 cur_num_gds:0 
2519 - berth - INFO - zhen 113 cur_num_gds:0 
2519 - berth - INFO - zhen 113 cur_num_gds:0 
2519 - berth - INFO - zhen 113 cur_num_gds:0 
2520 - berth - INFO - zhen 114 cur_num_gds:0 
2520 - berth - INFO - zhen 114 cur_num_gds:0 
2520 - berth - INFO - zhen 114 cur_num_gds:0 
2520 - berth - INFO - zhen 114 cur_num_gds:0 
2522 - berth - INFO - zhen 115 cur_num_gds:0 
2522 - berth - INFO - zhen 115 cur_num_gds:0 
2522 - berth - INFO - zhen 115 cur_num_gds:0 
2522 - berth - INFO - zhen 115 cur_num_gds:0 
2523 - berth - INFO - zhen 116 cur_num_gds:0 
2523 - berth - INFO - zhen 116 cur_num_gds:0 
2523 - berth - INFO - zhen 116 cur_num_gds:0 
2523 - berth - INFO - zhen 116 cur_num_gds:0 
2525 - berth - INFO - zhen 117 cur_num_gds:0 
2525 - berth - INFO - zhen 117 cur_num_gds:0 
2525 - berth - INFO - zhen 117 cur_num_gds:0 
2525 - berth - INFO - zhen 117 cur_num_gds:0 
2527 - berth - INFO - zhen 118 cur_num_gds:0 
2527 - berth - INFO - zhen 118 cur_num_gds:0 
2527 - berth - INFO - zhen 118 cur_num_gds:0 
2527 - berth - INFO - zhen 118 cur_num_gds:0 
2528 - berth - INFO - zhen 119 cur_num_gds:0 
2528 - berth - INFO - zhen 119 cur_num_gds:0 
2528 - berth - INFO - zhen 119 cur_num_gds:0 
2528 - berth - INFO - zhen 119 cur_num_gds:0 
2531 - berth - INFO - zhen 121 cur_num_gds:0 
2531 - berth - INFO - zhen 121 cur_num_gds:0 
2531 - berth - INFO - zhen 121 cur_num_gds:0 
2531 - berth - INFO - zhen 121 cur_num_gds:0 
2532 - berth - INFO - zhen 122 cur_num_gds:0 
2532 - berth - INFO - zhen 122 cur_num_gds:0 
2532 - berth - INFO - zhen 122 cur_num_gds:0 
2532 - berth - INFO - zhen 122 cur_num_gds:0 
2533 - berth - INFO - zhen 123 cur_num_gds:0 
2533 - berth - INFO - zhen 123 cur_num_gds:0 
2533 - berth - INFO - zhen 123 cur_num_gds:0 
2533 - berth - INFO - zhen 123 cur_num_gds:0 
2534 - berth - INFO - zhen 124 cur_num_gds:0 
2534 - berth - INFO - zhen 124 cur_num_gds:0 
2534 - berth - INFO - zhen 124 cur_num_gds:0 
2534 - berth - INFO - zhen 124 cur_num_gds:0 
2536 - berth - INFO - zhen 125 cur_num_gds:0 
2536 - berth - INFO - zhen 125 cur_num_gds:0 
2536 - berth - INFO - zhen 125 cur_num_gds:0 
2536 - berth - INFO - zhen 125 cur_num_gds:0 
2537 - berth - INFO - zhen 126 cur_num_gds:0 
2537 - berth - INFO - zhen 126 cur_num_gds:0 
2537 - berth - INFO - zhen 126 cur_num_gds:0 
2537 - berth - INFO - zhen 126 cur_num_gds:0 
2539 - berth - INFO - zhen 127 cur_num_gds:0 
2539 - berth - INFO - zhen 127 cur_num_gds:0 
2539 - berth - INFO - zhen 127 cur_num_gds:0 
2539 - berth - INFO - zhen 127 cur_num_gds:0 
2542 - berth - INFO - zhen 128 cur_num_gds:0 
2542 - berth - INFO - zhen 128 cur_num_gds:0 
2542 - berth - INFO - zhen 128 cur_num_gds:0 
2542 - berth - INFO - zhen 128 cur_num_gds:0 
2545 - berth - INFO - zhen 129 cur_num_gds:0 
2545 - berth - INFO - zhen 129 cur_num_gds:0 
2545 - berth - INFO - zhen 129 cur_num_gds:0 
2545 - berth - INFO - zhen 129 cur_num_gds:0 
2547 - berth - INFO - zhen 131 cur_num_gds:0 
2547 - berth - INFO - zhen 131 cur_num_gds:0 
2547 - berth - INFO - zhen 131 cur_num_gds:0 
2547 - berth - INFO - zhen 131 cur_num_gds:0 
2548 - berth - INFO - zhen 132 cur_num_gds:0 
2549 - berth - INFO - zhen 132 cur_num_gds:0 
2549 - berth - INFO - zhen 132 cur_num_gds:0 
2549 - berth - INFO - zhen 132 cur_num_gds:0 
2550 - berth - INFO - zhen 133 cur_num_gds:0 
2550 - berth - INFO - zhen 133 cur_num_gds:0 
2550 - berth - INFO - zhen 133 cur_num_gds:0 
2550 - berth - INFO - zhen 133 cur_num_gds:0 
2551 - berth - INFO - zhen 134 cur_num_gds:0 
2551 - berth - INFO - zhen 134 cur_num_gds:0 
2551 - berth - INFO - zhen 134 cur_num_gds:0 
2551 - berth - INFO - zhen 134 cur_num_gds:0 
2552 - berth - INFO - zhen 135 cur_num_gds:0 
2552 - berth - INFO - zhen 135 cur_num_gds:0 
2552 - berth - INFO - zhen 135 cur_num_gds:0 
2552 - berth - INFO - zhen 135 cur_num_gds:0 
2553 - berth - INFO - zhen 136 cur_num_gds:0 
2553 - berth - INFO - zhen 136 cur_num_gds:0 
2553 - berth - INFO - zhen 136 cur_num_gds:0 
2553 - berth - INFO - zhen 136 cur_num_gds:0 
2555 - berth - INFO - zhen 137 cur_num_gds:0 
2555 - berth - INFO - zhen 137 cur_num_gds:0 
2555 - berth - INFO - zhen 137 cur_num_gds:0 
2555 - berth - INFO - zhen 137 cur_num_gds:0 
2556 - berth - INFO - zhen 138 cur_num_gds:0 
2556 - berth - INFO - zhen 138 cur_num_gds:0 
2556 - berth - INFO - zhen 138 cur_num_gds:0 
2556 - berth - INFO - zhen 138 cur_num_gds:0 
2557 - berth - INFO - zhen 139 cur_num_gds:0 
2557 - berth - INFO - zhen 139 cur_num_gds:0 
2557 - berth - INFO - zhen 139 cur_num_gds:0 
2557 - berth - INFO - zhen 139 cur_num_gds:0 
2560 - berth - INFO - zhen 141 cur_num_gds:0 
2560 - berth - INFO - zhen 141 cur_num_gds:0 
2560 - berth - INFO - zhen 141 cur_num_gds:0 
2560 - berth - INFO - zhen 141 cur_num_gds:0 
2561 - berth - INFO - zhen 142 cur_num_gds:0 
2561 - berth - INFO - zhen 142 cur_num_gds:0 
2561 - berth - INFO - zhen 142 cur_num_gds:0 
2561 - berth - INFO - zhen 142 cur_num_gds:0 
2562 - berth - INFO - zhen 143 cur_num_gds:0 
2562 - berth - INFO - zhen 143 cur_num_gds:0 
2562 - berth - INFO - zhen 143 cur_num_gds:1 
2562 - berth - INFO - zhen 143 cur_num_gds:0 
2564 - berth - INFO - zhen 144 cur_num_gds:0 
2564 - berth - INFO - zhen 144 cur_num_gds:0 
2564 - berth - INFO - zhen 144 cur_num_gds:1 
2564 - berth - INFO - zhen 144 cur_num_gds:0 
2565 - berth - INFO - zhen 145 cur_num_gds:0 
2565 - berth - INFO - zhen 145 cur_num_gds:0 
2565 - berth - INFO - zhen 145 cur_num_gds:1 
2565 - berth - INFO - zhen 145 cur_num_gds:0 
2566 - berth - INFO - zhen 146 cur_num_gds:0 
2566 - berth - INFO - zhen 146 cur_num_gds:0 
2566 - berth - INFO - zhen 146 cur_num_gds:1 
2566 - berth - INFO - zhen 146 cur_num_gds:0 
2568 - berth - INFO - zhen 147 cur_num_gds:0 
2568 - berth - INFO - zhen 147 cur_num_gds:0 
2568 - berth - INFO - zhen 147 cur_num_gds:1 
2568 - berth - INFO - zhen 147 cur_num_gds:0 
2569 - berth - INFO - zhen 148 cur_num_gds:0 
2569 - berth - INFO - zhen 148 cur_num_gds:0 
2569 - berth - INFO - zhen 148 cur_num_gds:1 
2569 - berth - INFO - zhen 148 cur_num_gds:0 
2571 - berth - INFO - zhen 149 cur_num_gds:0 
2571 - berth - INFO - zhen 149 cur_num_gds:0 
2571 - berth - INFO - zhen 149 cur_num_gds:1 
2571 - berth - INFO - zhen 149 cur_num_gds:0 
2573 - berth - INFO - zhen 151 cur_num_gds:0 
2573 - berth - INFO - zhen 151 cur_num_gds:0 
2573 - berth - INFO - zhen 151 cur_num_gds:1 
2573 - berth - INFO - zhen 151 cur_num_gds:0 
2575 - berth - INFO - zhen 152 cur_num_gds:0 
2575 - berth - INFO - zhen 152 cur_num_gds:0 
2575 - berth - INFO - zhen 152 cur_num_gds:1 
2575 - berth - INFO - zhen 152 cur_num_gds:0 
2576 - berth - INFO - zhen 153 cur_num_gds:0 
2576 - berth - INFO - zhen 153 cur_num_gds:0 
2576 - berth - INFO - zhen 153 cur_num_gds:1 
2576 - berth - INFO - zhen 153 cur_num_gds:0 
2577 - berth - INFO - zhen 154 cur_num_gds:0 
2577 - berth - INFO - zhen 154 cur_num_gds:0 
2577 - berth - INFO - zhen 154 cur_num_gds:1 
2577 - berth - INFO - zhen 154 cur_num_gds:0 
2578 - berth - INFO - zhen 155 cur_num_gds:0 
2578 - berth - INFO - zhen 155 cur_num_gds:0 
2578 - berth - INFO - zhen 155 cur_num_gds:1 
2578 - berth - INFO - zhen 155 cur_num_gds:0 
2580 - berth - INFO - zhen 156 cur_num_gds:0 
2580 - berth - INFO - zhen 156 cur_num_gds:0 
2580 - berth - INFO - zhen 156 cur_num_gds:1 
2580 - berth - INFO - zhen 156 cur_num_gds:0 
2581 - berth - INFO - zhen 157 cur_num_gds:0 
2581 - berth - INFO - zhen 157 cur_num_gds:0 
2581 - berth - INFO - zhen 157 cur_num_gds:1 
2581 - berth - INFO - zhen 157 cur_num_gds:0 
2582 - berth - INFO - zhen 158 cur_num_gds:0 
2582 - berth - INFO - zhen 158 cur_num_gds:0 
2582 - berth - INFO - zhen 158 cur_num_gds:1 
2582 - berth - INFO - zhen 158 cur_num_gds:0 
2584 - berth - INFO - zhen 159 cur_num_gds:0 
2584 - berth - INFO - zhen 159 cur_num_gds:0 
2584 - berth - INFO - zhen 159 cur_num_gds:1 
2584 - berth - INFO - zhen 159 cur_num_gds:0 
2586 - berth - INFO - zhen 161 cur_num_gds:0 
2586 - berth - INFO - zhen 161 cur_num_gds:0 
2586 - berth - INFO - zhen 161 cur_num_gds:1 
2586 - berth - INFO - zhen 161 cur_num_gds:0 
2587 - berth - INFO - zhen 162 cur_num_gds:0 
2587 - berth - INFO - zhen 162 cur_num_gds:0 
2587 - berth - INFO - zhen 162 cur_num_gds:1 
2587 - berth - INFO - zhen 162 cur_num_gds:0 
2589 - berth - INFO - zhen 163 cur_num_gds:0 
2589 - berth - INFO - zhen 163 cur_num_gds:0 
2589 - berth - INFO - zhen 163 cur_num_gds:1 
2589 - berth - INFO - zhen 163 cur_num_gds:0 
2590 - berth - INFO - zhen 164 cur_num_gds:0 
2590 - berth - INFO - zhen 164 cur_num_gds:0 
2590 - berth - INFO - zhen 164 cur_num_gds:1 
2590 - berth - INFO - zhen 164 cur_num_gds:0 
2591 - berth - INFO - zhen 165 cur_num_gds:0 
2591 - berth - INFO - zhen 165 cur_num_gds:0 
2591 - berth - INFO - zhen 165 cur_num_gds:1 
2591 - berth - INFO - zhen 165 cur_num_gds:0 
2592 - berth - INFO - zhen 166 cur_num_gds:0 
2592 - berth - INFO - zhen 166 cur_num_gds:0 
2592 - berth - INFO - zhen 166 cur_num_gds:1 
2592 - berth - INFO - zhen 166 cur_num_gds:0 
2594 - berth - INFO - zhen 167 cur_num_gds:0 
2594 - berth - INFO - zhen 167 cur_num_gds:0 
2594 - berth - INFO - zhen 167 cur_num_gds:1 
2594 - berth - INFO - zhen 167 cur_num_gds:0 
2595 - berth - INFO - zhen 168 cur_num_gds:0 
2595 - berth - INFO - zhen 168 cur_num_gds:0 
2595 - berth - INFO - zhen 168 cur_num_gds:1 
2595 - berth - INFO - zhen 168 cur_num_gds:0 
2596 - berth - INFO - zhen 169 cur_num_gds:0 
2596 - berth - INFO - zhen 169 cur_num_gds:0 
2596 - berth - INFO - zhen 169 cur_num_gds:1 
2596 - berth - INFO - zhen 169 cur_num_gds:0 
2598 - berth - INFO - zhen 171 cur_num_gds:0 
2598 - berth - INFO - zhen 171 cur_num_gds:0 
2598 - berth - INFO - zhen 171 cur_num_gds:1 
2598 - berth - INFO - zhen 171 cur_num_gds:0 
2600 - berth - INFO - zhen 172 cur_num_gds:1 
2600 - berth - INFO - zhen 172 cur_num_gds:0 
2600 - berth - INFO - zhen 172 cur_num_gds:1 
2600 - berth - INFO - zhen 172 cur_num_gds:0 
2602 - berth - INFO - zhen 173 cur_num_gds:1 
2602 - berth - INFO - zhen 173 cur_num_gds:0 
2602 - berth - INFO - zhen 173 cur_num_gds:1 
2602 - berth - INFO - zhen 173 cur_num_gds:0 
2603 - berth - INFO - zhen 174 cur_num_gds:1 
2603 - berth - INFO - zhen 174 cur_num_gds:0 
2603 - berth - INFO - zhen 174 cur_num_gds:1 
2603 - berth - INFO - zhen 174 cur_num_gds:0 
2604 - berth - INFO - zhen 175 cur_num_gds:1 
2604 - berth - INFO - zhen 175 cur_num_gds:0 
2604 - berth - INFO - zhen 175 cur_num_gds:1 
2604 - berth - INFO - zhen 175 cur_num_gds:0 
2606 - berth - INFO - zhen 176 cur_num_gds:1 
2606 - berth - INFO - zhen 176 cur_num_gds:0 
2606 - berth - INFO - zhen 176 cur_num_gds:1 
2606 - berth - INFO - zhen 176 cur_num_gds:0 
2607 - berth - INFO - zhen 177 cur_num_gds:1 
2607 - berth - INFO - zhen 177 cur_num_gds:0 
2607 - berth - INFO - zhen 177 cur_num_gds:1 
2607 - berth - INFO - zhen 177 cur_num_gds:0 
2611 - berth - INFO - zhen 178 cur_num_gds:1 
2611 - berth - INFO - zhen 178 cur_num_gds:0 
2611 - berth - INFO - zhen 178 cur_num_gds:1 
2611 - berth - INFO - zhen 178 cur_num_gds:0 
2612 - berth - INFO - zhen 179 cur_num_gds:1 
2612 - berth - INFO - zhen 179 cur_num_gds:0 
2612 - berth - INFO - zhen 179 cur_num_gds:1 
2612 - berth - INFO - zhen 179 cur_num_gds:0 
2614 - berth - INFO - zhen 181 cur_num_gds:1 
2614 - berth - INFO - zhen 181 cur_num_gds:0 
2614 - berth - INFO - zhen 181 cur_num_gds:1 
2614 - berth - INFO - zhen 181 cur_num_gds:0 
2616 - berth - INFO - zhen 182 cur_num_gds:1 
2616 - berth - INFO - zhen 182 cur_num_gds:0 
2616 - berth - INFO - zhen 182 cur_num_gds:1 
2616 - berth - INFO - zhen 182 cur_num_gds:0 
2617 - berth - INFO - zhen 183 cur_num_gds:1 
2617 - berth - INFO - zhen 183 cur_num_gds:0 
2617 - berth - INFO - zhen 183 cur_num_gds:1 
2617 - berth - INFO - zhen 183 cur_num_gds:0 
2618 - berth - INFO - zhen 184 cur_num_gds:1 
2618 - berth - INFO - zhen 184 cur_num_gds:0 
2618 - berth - INFO - zhen 184 cur_num_gds:1 
2618 - berth - INFO - zhen 184 cur_num_gds:0 
2619 - berth - INFO - zhen 185 cur_num_gds:1 
2620 - berth - INFO - zhen 185 cur_num_gds:0 
2620 - berth - INFO - zhen 185 cur_num_gds:1 
2620 - berth - INFO - zhen 185 cur_num_gds:0 
2620 - berth - INFO - boatid 0 berth 0
2620 - berth - INFO - boatid 0 boat sVec (26, 105), Boat_Direction.UP
2620 - berth - INFO - boat_id 0 berth 0
2621 - berth - INFO - zhen 186 cur_num_gds:1 
2621 - berth - INFO - zhen 186 cur_num_gds:0 
2621 - berth - INFO - zhen 186 cur_num_gds:1 
2621 - berth - INFO - zhen 186 cur_num_gds:0 
2622 - berth - INFO - boatid 0 berth 0
2622 - berth - INFO - boatid 0 boat sVec (26, 105), Boat_Direction.UP
2622 - berth - INFO - boat_id 0 berth 0
2622 - berth - INFO - zhen 187 cur_num_gds:1 
2622 - berth - INFO - zhen 187 cur_num_gds:0 
2622 - berth - INFO - zhen 187 cur_num_gds:1 
2622 - berth - INFO - zhen 187 cur_num_gds:0 
2623 - berth - INFO - boatid 0 berth 0
2623 - berth - INFO - boatid 0 boat sVec (26, 105), Boat_Direction.UP
2623 - berth - INFO - boat_id 0 self.env.berths[0].cur_num_gds0
2624 - berth - INFO - zhen 188 cur_num_gds:0 
2624 - berth - INFO - zhen 188 cur_num_gds:0 
2624 - berth - INFO - zhen 188 cur_num_gds:1 
2624 - berth - INFO - zhen 188 cur_num_gds:0 
2624 - berth - INFO - boatid 0 berth 0
2624 - berth - INFO - boatid 0 boat sVec (26, 105), Boat_Direction.UP
2624 - berth - INFO - boat_id:0 next_index:1
2625 - berth - INFO - zhen 189 cur_num_gds:0 
2625 - berth - INFO - zhen 189 cur_num_gds:0 
2625 - berth - INFO - zhen 189 cur_num_gds:1 
2625 - berth - INFO - zhen 189 cur_num_gds:0 
2628 - berth - INFO - zhen 191 cur_num_gds:0 
2628 - berth - INFO - zhen 191 cur_num_gds:0 
2628 - berth - INFO - zhen 191 cur_num_gds:1 
2628 - berth - INFO - zhen 191 cur_num_gds:0 
2629 - berth - INFO - zhen 192 cur_num_gds:0 
2629 - berth - INFO - zhen 192 cur_num_gds:0 
2629 - berth - INFO - zhen 192 cur_num_gds:1 
2629 - berth - INFO - zhen 192 cur_num_gds:0 
2630 - berth - INFO - zhen 193 cur_num_gds:0 
2630 - berth - INFO - zhen 193 cur_num_gds:0 
2630 - berth - INFO - zhen 193 cur_num_gds:1 
2630 - berth - INFO - zhen 193 cur_num_gds:0 
2631 - berth - INFO - zhen 194 cur_num_gds:0 
2632 - berth - INFO - zhen 194 cur_num_gds:0 
2632 - berth - INFO - zhen 194 cur_num_gds:1 
2632 - berth - INFO - zhen 194 cur_num_gds:0 
2633 - berth - INFO - zhen 195 cur_num_gds:0 
2633 - berth - INFO - zhen 195 cur_num_gds:0 
2633 - berth - INFO - zhen 195 cur_num_gds:1 
2633 - berth - INFO - zhen 195 cur_num_gds:0 
2634 - berth - INFO - zhen 196 cur_num_gds:0 
2634 - berth - INFO - zhen 196 cur_num_gds:0 
2634 - berth - INFO - zhen 196 cur_num_gds:1 
2634 - berth - INFO - zhen 196 cur_num_gds:0 
2636 - berth - INFO - zhen 197 cur_num_gds:0 
2636 - berth - INFO - zhen 197 cur_num_gds:0 
2636 - berth - INFO - zhen 197 cur_num_gds:1 
2636 - berth - INFO - zhen 197 cur_num_gds:0 
2637 - berth - INFO - zhen 198 cur_num_gds:0 
2637 - berth - INFO - zhen 198 cur_num_gds:0 
2637 - berth - INFO - zhen 198 cur_num_gds:1 
2637 - berth - INFO - zhen 198 cur_num_gds:0 
2638 - berth - INFO - zhen 199 cur_num_gds:0 
2638 - berth - INFO - zhen 199 cur_num_gds:0 
2638 - berth - INFO - zhen 199 cur_num_gds:1 
2638 - berth - INFO - zhen 199 cur_num_gds:0 
2642 - berth - INFO - zhen 201 cur_num_gds:0 
2642 - berth - INFO - zhen 201 cur_num_gds:0 
2642 - berth - INFO - zhen 201 cur_num_gds:1 
2642 - berth - INFO - zhen 201 cur_num_gds:0 
2643 - berth - INFO - zhen 202 cur_num_gds:0 
2643 - berth - INFO - zhen 202 cur_num_gds:0 
2643 - berth - INFO - zhen 202 cur_num_gds:1 
2643 - berth - INFO - zhen 202 cur_num_gds:0 
2645 - berth - INFO - zhen 203 cur_num_gds:0 
2645 - berth - INFO - zhen 203 cur_num_gds:0 
2645 - berth - INFO - zhen 203 cur_num_gds:1 
2645 - berth - INFO - zhen 203 cur_num_gds:0 
2646 - berth - INFO - zhen 204 cur_num_gds:0 
2646 - berth - INFO - zhen 204 cur_num_gds:0 
2646 - berth - INFO - zhen 204 cur_num_gds:1 
2646 - berth - INFO - zhen 204 cur_num_gds:0 
2647 - berth - INFO - zhen 205 cur_num_gds:0 
2647 - berth - INFO - zhen 205 cur_num_gds:0 
2647 - berth - INFO - zhen 205 cur_num_gds:1 
2647 - berth - INFO - zhen 205 cur_num_gds:0 
2648 - berth - INFO - zhen 206 cur_num_gds:0 
2648 - berth - INFO - zhen 206 cur_num_gds:0 
2648 - berth - INFO - zhen 206 cur_num_gds:1 
2648 - berth - INFO - zhen 206 cur_num_gds:0 
2650 - berth - INFO - zhen 207 cur_num_gds:0 
2650 - berth - INFO - zhen 207 cur_num_gds:0 
2650 - berth - INFO - zhen 207 cur_num_gds:1 
2650 - berth - INFO - zhen 207 cur_num_gds:0 
2651 - berth - INFO - zhen 208 cur_num_gds:0 
2651 - berth - INFO - zhen 208 cur_num_gds:0 
2651 - berth - INFO - zhen 208 cur_num_gds:1 
2651 - berth - INFO - zhen 208 cur_num_gds:0 
2652 - berth - INFO - zhen 209 cur_num_gds:0 
2652 - berth - INFO - zhen 209 cur_num_gds:0 
2652 - berth - INFO - zhen 209 cur_num_gds:1 
2652 - berth - INFO - zhen 209 cur_num_gds:0 
2654 - berth - INFO - zhen 211 cur_num_gds:0 
2654 - berth - INFO - zhen 211 cur_num_gds:0 
2654 - berth - INFO - zhen 211 cur_num_gds:1 
2654 - berth - INFO - zhen 211 cur_num_gds:0 
2656 - berth - INFO - zhen 212 cur_num_gds:0 
2656 - berth - INFO - zhen 212 cur_num_gds:0 
2656 - berth - INFO - zhen 212 cur_num_gds:1 
2656 - berth - INFO - zhen 212 cur_num_gds:0 
2657 - berth - INFO - zhen 213 cur_num_gds:0 
2657 - berth - INFO - zhen 213 cur_num_gds:0 
2658 - berth - INFO - zhen 213 cur_num_gds:1 
2658 - berth - INFO - zhen 213 cur_num_gds:0 
2660 - berth - INFO - zhen 214 cur_num_gds:0 
2660 - berth - INFO - zhen 214 cur_num_gds:0 
2660 - berth - INFO - zhen 214 cur_num_gds:1 
2660 - berth - INFO - zhen 214 cur_num_gds:0 
2661 - berth - INFO - zhen 215 cur_num_gds:0 
2661 - berth - INFO - zhen 215 cur_num_gds:0 
2661 - berth - INFO - zhen 215 cur_num_gds:2 
2661 - berth - INFO - zhen 215 cur_num_gds:0 
2663 - berth - INFO - zhen 216 cur_num_gds:0 
2663 - berth - INFO - zhen 216 cur_num_gds:0 
2663 - berth - INFO - zhen 216 cur_num_gds:2 
2663 - berth - INFO - zhen 216 cur_num_gds:0 
2665 - berth - INFO - zhen 217 cur_num_gds:0 
2665 - berth - INFO - zhen 217 cur_num_gds:0 
2665 - berth - INFO - zhen 217 cur_num_gds:2 
2665 - berth - INFO - zhen 217 cur_num_gds:0 
