963 - main - INFO - robot_bfs_multi_core cost time: 919.6405410766602 ms
1001 - main - INFO - gen_boat_valid_grid cost time: 38.715362548828125 ms
1710 - main - INFO - boat_bfs cost time: 22.66240119934082 ms
1715 - main - INFO - boat_bfs cost time: 4.402637481689453 ms
1735 - main - INFO - boat_bfs cost time: 20.709514617919922 ms
1743 - main - INFO - boat_bfs cost time: 27.438640594482422 ms
1760 - main - INFO - boat_bfs cost time: 17.167329788208008 ms
1763 - main - INFO - boat_bfs cost time: 26.93963050842285 ms
1773 - main - INFO - boat_bfs cost time: 12.661933898925781 ms
1788 - main - INFO - boat_bfs cost time: 25.114774703979492 ms
1796 - main - INFO - boat_bfs cost time: 22.837162017822266 ms
1806 - main - INFO - boat_bfs cost time: 10.299921035766602 ms
1814 - main - INFO - boat_bfs cost time: 25.63762664794922 ms
1814 - main - INFO - boat_bfs cost time: 0.025510787963867188 ms
1814 - main - INFO - boat_bfs cost time: 0.010728836059570312 ms
1819 - main - INFO - boat_bfs cost time: 13.148784637451172 ms
1819 - main - INFO - boat_bfs cost time: 0.02193450927734375 ms
1819 - main - INFO - boat_bfs cost time: 0.011920928955078125 ms
1840 - main - INFO - boat_bfs cost time: 26.1685848236084 ms
1853 - main - INFO - boat_bfs cost time: 33.86831283569336 ms
1870 - main - INFO - boat_bfs cost time: 28.633832931518555 ms
1875 - main - INFO - boat_bfs cost time: 21.87490463256836 ms
1886 - main - INFO - boat_bfs cost time: 15.863418579101562 ms
1901 - main - INFO - boat_bfs cost time: 15.69366455078125 ms
1903 - main - INFO - boat_bfs cost time: 27.734041213989258 ms
1922 - main - INFO - boat_bfs cost time: 18.58973503112793 ms
1928 - main - INFO - boat_bfs cost time: 26.54719352722168 ms
1937 - main - INFO - boat_bfs cost time: 14.45913314819336 ms
1945 - main - INFO - boat_bfs cost time: 16.556739807128906 ms
1953 - main - INFO - boat_bfs cost time: 15.954017639160156 ms
1970 - main - INFO - boat_bfs cost time: 25.514841079711914 ms
1974 - main - INFO - boat_bfs cost time: 21.425485610961914 ms
1988 - main - INFO - boat_bfs cost time: 17.6699161529541 ms
1988 - main - INFO - boat_bfs cost time: 0.018596649169921875 ms
1988 - main - INFO - boat_bfs cost time: 0.010728836059570312 ms
1998 - main - INFO - boat_bfs cost time: 9.627103805541992 ms
2000 - main - INFO - boat_bfs cost time: 25.71272850036621 ms
2000 - main - INFO - boat_bfs cost time: 0.017404556274414062 ms
2000 - main - INFO - boat_bfs cost time: 0.01049041748046875 ms
2017 - main - INFO - boat_bfs cost time: 18.498659133911133 ms
2025 - main - INFO - boat_bfs cost time: 24.550914764404297 ms
2034 - main - INFO - boat_bfs cost time: 17.06695556640625 ms
2051 - main - INFO - boat_bfs cost time: 26.045799255371094 ms
2054 - main - INFO - boat_bfs cost time: 20.409345626831055 ms
2067 - main - INFO - boat_bfs cost time: 16.37411117553711 ms
2071 - main - INFO - boat_bfs cost time: 16.333580017089844 ms
2091 - main - INFO - boat_bfs cost time: 20.206928253173828 ms
2093 - main - INFO - boat_bfs cost time: 25.653600692749023 ms
2093 - main - ERROR - 405.4255485534668 ms
2099 - main - INFO - boat_bfs cost time: 8.272409439086914 ms
2118 - main - INFO - boat_bfs cost time: 18.726348876953125 ms
2118 - main - ERROR - 403.5661220550537 ms
2322 - main - INFO - union_lock_grid cost time: 195.7099437713623 ms
2364 - main - INFO - gen_boat_route_topylogy_graph cost time: 42.10925102233887 ms
2365 - main - INFO - boat_bfs_multi_core cost time: 1402.630090713501 ms
2365 - main - INFO - init_env cost time: 2332.5939178466797 ms
2379 - main - INFO - path_update cost time: 0.4315376281738281 ms
2393 - main - INFO - path_update cost time: 1.3761520385742188 ms
2407 - main - INFO - path_update cost time: 0.5581378936767578 ms
2420 - main - INFO - path_update cost time: 1.0483264923095703 ms
2433 - main - INFO - path_update cost time: 0.4227161407470703 ms
2446 - main - INFO - path_update cost time: 1.0135173797607422 ms
2459 - main - INFO - path_update cost time: 0.5202293395996094 ms
2471 - main - INFO - path_update cost time: 0.05030632019042969 ms
2471 - main - INFO - path_update cost time: 0.1728534698486328 ms
2473 - main - INFO - path_update cost time: 1.1146068572998047 ms
2516 - main - INFO - path_update cost time: 0.052928924560546875 ms
2516 - main - INFO - path_update cost time: 0.16689300537109375 ms
2529 - main - INFO - path_update cost time: 0.05626678466796875 ms
2529 - main - INFO - path_update cost time: 0.2624988555908203 ms
2537 - main - INFO - path_update cost time: 0.04839897155761719 ms
2538 - main - INFO - path_update cost time: 0.2982616424560547 ms
2539 - main - INFO - path_update cost time: 0.051021575927734375 ms
2539 - main - INFO - path_update cost time: 0.3008842468261719 ms
2562 - main - INFO - path_update cost time: 0.06580352783203125 ms
2563 - main - INFO - path_update cost time: 0.25200843811035156 ms
2573 - main - INFO - path_update cost time: 0.062465667724609375 ms
2573 - main - INFO - path_update cost time: 0.171661376953125 ms
2600 - main - INFO - path_update cost time: 0.05269050598144531 ms
2600 - main - INFO - path_update cost time: 0.2703666687011719 ms
2617 - main - INFO - path_update cost time: 0.051975250244140625 ms
2617 - main - INFO - path_update cost time: 0.2541542053222656 ms
2634 - main - INFO - path_update cost time: 0.07534027099609375 ms
2634 - main - INFO - path_update cost time: 0.10156631469726562 ms
2638 - main - INFO - path_update cost time: 0.061511993408203125 ms
2639 - main - INFO - path_update cost time: 0.4642009735107422 ms
2654 - main - INFO - path_update cost time: 0.06008148193359375 ms
2655 - main - INFO - path_update cost time: 0.461578369140625 ms
2656 - main - INFO - path_update cost time: 0.05245208740234375 ms
2656 - main - INFO - path_update cost time: 0.1647472381591797 ms
2661 - main - INFO - path_update cost time: 0.05793571472167969 ms
2661 - main - INFO - path_update cost time: 0.13327598571777344 ms
