2365 - scheduler - INFO - berth information: 
2365 - scheduler - INFO - berth_id: 0 at (26, 105), loading speed: 2
2366 - scheduler - INFO - berth_id: 1 at (95, 26), loading speed: 2
2366 - scheduler - INFO - berth_id: 2 at (105, 173), loading speed: 2
2366 - scheduler - INFO - berth_id: 3 at (173, 97), loading speed: 2
2366 - scheduler - INFO - 
2367 - scheduler - INFO - zhen 1 boat_id:0  lboat (104, 26), Boat_Direction.RIGHT!

2367 - scheduler - INFO - robot_number:12
2368 - scheduler - INFO - robot_number:12
2369 - scheduler - INFO - robot_number:12
2370 - scheduler - INFO - robot_number:12
2371 - scheduler - INFO - robot_number:12
2373 - scheduler - INFO - robot_number:12
2374 - scheduler - INFO - robot_number:12
2375 - scheduler - INFO - robot_number:12
2376 - scheduler - INFO - robot_number:12
2377 - scheduler - INFO - robot_number:12
2377 - scheduler - INFO - zhen 10 robot_id:0 lbot (47, 153) !

2379 - scheduler - INFO - robot_number:12
2380 - scheduler - INFO - robot_number:12
2381 - scheduler - INFO - robot_number:12
2382 - scheduler - INFO - robot_number:12
2384 - scheduler - INFO - robot_number:12
2385 - scheduler - INFO - robot_number:12
2386 - scheduler - INFO - robot_number:12
2388 - scheduler - INFO - robot_number:12
2389 - scheduler - INFO - robot_number:12
2390 - scheduler - INFO - robot_number:12
2390 - scheduler - INFO - zhen 20 robot_id:1 lbot (47, 153) !

2393 - scheduler - INFO - robot_number:12
2395 - scheduler - INFO - robot_number:12
2396 - scheduler - INFO - robot_number:12
2398 - scheduler - INFO - robot_number:12
2399 - scheduler - INFO - robot_number:12
2400 - scheduler - INFO - robot_number:12
2401 - scheduler - INFO - robot_number:12
2403 - scheduler - INFO - robot_number:12
2404 - scheduler - INFO - robot_number:12
2405 - scheduler - INFO - robot_number:12
2405 - scheduler - INFO - zhen 30 robot_id:2 lbot (47, 153) !

2407 - scheduler - INFO - robot_number:12
2408 - scheduler - INFO - robot_number:12
2409 - scheduler - INFO - robot_number:12
2410 - scheduler - INFO - robot_number:12
2412 - scheduler - INFO - robot_number:12
2413 - scheduler - INFO - robot_number:12
2414 - scheduler - INFO - robot_number:12
2416 - scheduler - INFO - robot_number:12
2417 - scheduler - INFO - robot_number:12
2419 - scheduler - INFO - robot_number:12
2419 - scheduler - INFO - zhen 40 robot_id:3 lbot (47, 153) !

2421 - scheduler - INFO - robot_number:12
2422 - scheduler - INFO - robot_number:12
2423 - scheduler - INFO - robot_number:12
2424 - scheduler - INFO - robot_number:12
2426 - scheduler - INFO - robot_number:12
2427 - scheduler - INFO - robot_number:12
2428 - scheduler - INFO - robot_number:12
2429 - scheduler - INFO - robot_number:12
2430 - scheduler - INFO - robot_number:12
2431 - scheduler - INFO - robot_number:12
2431 - scheduler - INFO - zhen 50 robot_id:4 lbot (47, 153) !

2433 - scheduler - INFO - robot_number:12
2434 - scheduler - INFO - robot_number:12
2435 - scheduler - INFO - robot_number:12
2437 - scheduler - INFO - robot_number:12
2438 - scheduler - INFO - robot_number:12
2439 - scheduler - INFO - robot_number:12
2440 - scheduler - INFO - robot_number:12
2442 - scheduler - INFO - robot_number:12
2443 - scheduler - INFO - robot_number:12
2444 - scheduler - INFO - robot_number:12
2444 - scheduler - INFO - zhen 60 robot_id:5 lbot (47, 153) !

2447 - scheduler - INFO - robot_number:12
2448 - scheduler - INFO - robot_number:12
2449 - scheduler - INFO - robot_number:12
2450 - scheduler - INFO - robot_number:12
2451 - scheduler - INFO - robot_number:12
2453 - scheduler - INFO - robot_number:12
2454 - scheduler - INFO - robot_number:12
2455 - scheduler - INFO - robot_number:12
2457 - scheduler - INFO - robot_number:12
2458 - scheduler - INFO - robot_number:12
2458 - scheduler - INFO - zhen 70 robot_id:6 lbot (47, 153) !

2460 - scheduler - INFO - robot_number:12
2461 - scheduler - INFO - robot_number:12
2463 - scheduler - INFO - robot_number:12
2464 - scheduler - INFO - robot_number:12
2465 - scheduler - INFO - robot_number:12
2466 - scheduler - INFO - robot_number:12
2468 - scheduler - INFO - robot_number:12
2469 - scheduler - INFO - robot_number:12
2470 - scheduler - INFO - robot_number:12
2471 - scheduler - INFO - id: 0, target_gds:gds: (26, 151) 92
2471 - scheduler - INFO - robot_number:12
2471 - scheduler - INFO - zhen 80 robot_id:7 lbot (47, 153) !

2474 - scheduler - INFO - robot_number:12
2476 - scheduler - INFO - robot_number:12
2477 - scheduler - INFO - robot_number:12
2480 - scheduler - INFO - robot_number:12
2483 - scheduler - INFO - robot_number:12
2484 - scheduler - INFO - robot_number:12
2486 - scheduler - INFO - robot_number:12
2487 - scheduler - INFO - robot_number:12
2488 - scheduler - INFO - robot_number:12
2489 - scheduler - INFO - robot_number:12
2491 - scheduler - INFO - robot_number:12
2492 - scheduler - INFO - robot_number:12
2493 - scheduler - INFO - robot_number:12
2495 - scheduler - INFO - robot_number:12
2496 - scheduler - INFO - robot_number:12
2497 - scheduler - INFO - robot_number:12
2498 - scheduler - INFO - robot_number:12
2500 - scheduler - INFO - robot_number:12
2501 - scheduler - INFO - robot_number:12
2502 - scheduler - INFO - robot_number:12
2503 - scheduler - INFO - robot_number:12
2505 - scheduler - INFO - robot_number:12
2506 - scheduler - INFO - robot_number:12
2508 - scheduler - INFO - robot_number:12
2509 - scheduler - INFO - robot_number:12
2510 - scheduler - INFO - robot_number:12
2511 - scheduler - INFO - robot_number:12
2513 - scheduler - INFO - robot_number:12
2514 - scheduler - INFO - robot_number:12
2515 - scheduler - INFO - robot_number:12
2516 - scheduler - INFO - id: 2, target_gds:gds: (117, 169) 96
2517 - scheduler - INFO - robot_number:12
2518 - scheduler - INFO - robot_number:12
2520 - scheduler - INFO - robot_number:12
2521 - scheduler - INFO - robot_number:12
2523 - scheduler - INFO - robot_number:12
2524 - scheduler - INFO - robot_number:12
2526 - scheduler - INFO - robot_number:12
2527 - scheduler - INFO - robot_number:12
2529 - scheduler - INFO - robot_number:12
2529 - scheduler - INFO - id: 4, target_gds:gds: (13, 83) 138
2530 - scheduler - INFO - robot_number:12
2531 - scheduler - INFO - robot_number:12
2533 - scheduler - INFO - robot_number:12
2534 - scheduler - INFO - robot_number:12
2535 - scheduler - INFO - robot_number:12
2537 - scheduler - INFO - robot_number:12
2538 - scheduler - INFO - robot_number:12
2541 - scheduler - INFO - robot_number:12
2543 - scheduler - INFO - robot_number:12
2545 - scheduler - INFO - robot_number:12
2547 - scheduler - INFO - robot_number:12
2548 - scheduler - INFO - robot_number:12
2549 - scheduler - INFO - robot_number:12
2550 - scheduler - INFO - robot_number:12
2552 - scheduler - INFO - robot_number:12
2553 - scheduler - INFO - robot_number:12
2554 - scheduler - INFO - robot_number:12
2555 - scheduler - INFO - robot_number:12
2557 - scheduler - INFO - robot_number:12
2558 - scheduler - INFO - robot_number:12
2559 - scheduler - INFO - robot_number:12
2560 - scheduler - INFO - robot_number:12
2562 - scheduler - INFO - robot_number:12
2562 - scheduler - INFO - id: 2, target_gds:gds: (135, 135) 187
2564 - scheduler - INFO - robot_number:12
2565 - scheduler - INFO - robot_number:12
2566 - scheduler - INFO - robot_number:12
2567 - scheduler - INFO - robot_number:12
2569 - scheduler - INFO - robot_number:12
2570 - scheduler - INFO - robot_number:12
2571 - scheduler - INFO - robot_number:12
2573 - scheduler - INFO - robot_number:12
2573 - scheduler - INFO - id: 6, target_gds:gds: (137, 173) 74
2574 - scheduler - INFO - robot_number:12
2576 - scheduler - INFO - robot_number:12
2577 - scheduler - INFO - robot_number:12
2578 - scheduler - INFO - robot_number:12
2579 - scheduler - INFO - robot_number:12
2580 - scheduler - INFO - robot_number:12
2582 - scheduler - INFO - robot_number:12
2583 - scheduler - INFO - robot_number:12
2584 - scheduler - INFO - robot_number:12
2586 - scheduler - INFO - robot_number:12
2587 - scheduler - INFO - robot_number:12
2588 - scheduler - INFO - robot_number:12
2589 - scheduler - INFO - robot_number:12
2591 - scheduler - INFO - robot_number:12
2592 - scheduler - INFO - robot_number:12
2593 - scheduler - INFO - robot_number:12
2594 - scheduler - INFO - robot_number:12
2596 - scheduler - INFO - robot_number:12
2597 - scheduler - INFO - robot_number:12
2598 - scheduler - INFO - robot_number:12
2599 - scheduler - INFO - robot_number:12
2600 - scheduler - INFO - id: 0, target_gds:gds: (16, 77) 95
2601 - scheduler - INFO - robot_number:12
2602 - scheduler - INFO - robot_number:12
2604 - scheduler - INFO - robot_number:12
2605 - scheduler - INFO - robot_number:12
2606 - scheduler - INFO - robot_number:12
2609 - scheduler - INFO - robot_number:12
2611 - scheduler - INFO - robot_number:12
2613 - scheduler - INFO - robot_number:12
2614 - scheduler - INFO - robot_number:12
2615 - scheduler - INFO - robot_number:12
2616 - scheduler - INFO - robot_number:12
2618 - scheduler - INFO - robot_number:12
2619 - scheduler - INFO - robot_number:12
2620 - scheduler - INFO - robot_number:12
2622 - scheduler - INFO - robot_number:12
2623 - scheduler - INFO - robot_number:12
2624 - scheduler - INFO - robot_number:12
2626 - scheduler - INFO - robot_number:12
2627 - scheduler - INFO - robot_number:12
2629 - scheduler - INFO - robot_number:12
2630 - scheduler - INFO - robot_number:12
2631 - scheduler - INFO - robot_number:12
2632 - scheduler - INFO - robot_number:12
2633 - scheduler - INFO - robot_number:12
2634 - scheduler - INFO - id: 1, target_gds:gds: (92, 13) 49
2635 - scheduler - INFO - robot_number:12
2636 - scheduler - INFO - robot_number:12
2638 - scheduler - INFO - robot_number:12
2639 - scheduler - INFO - robot_number:12
2641 - scheduler - INFO - robot_number:12
2643 - scheduler - INFO - robot_number:12
2644 - scheduler - INFO - robot_number:12
2645 - scheduler - INFO - robot_number:12
2647 - scheduler - INFO - robot_number:12
2648 - scheduler - INFO - robot_number:12
2649 - scheduler - INFO - robot_number:12
2650 - scheduler - INFO - robot_number:12
2651 - scheduler - INFO - robot_number:12
2653 - scheduler - INFO - robot_number:12
2654 - scheduler - INFO - robot_number:12
2656 - scheduler - INFO - robot_number:12
2657 - scheduler - INFO - robot_number:12
2659 - scheduler - INFO - robot_number:12
2660 - scheduler - INFO - robot_number:12
2661 - scheduler - INFO - id: 6, target_gds:gds: (126, 176) 44
2662 - scheduler - INFO - robot_number:12
2663 - scheduler - INFO - robot_number:12
